This is pdfTeX, Version 3.14159265-2.6-1.40.20 (TeX Live 2019/Debian) (preloaded format=latex 2020.12.3)  1 FEB 2021 14:31
entering extended mode
 restricted \write18 enabled.
 %&-line parsing enabled.
**/lindata/My-work/Professional/iitb/development/ajit-branch/ajit-toolchain/src
/development/amv-ajit-code/asmgen/docs/build/isa.tex

(/lindata/My-work/Professional/iitb/development/ajit-branch/ajit-toolchain/src/
development/amv-ajit-code/asmgen/docs/build/isa.tex
LaTeX2e <2020-02-02> patch level 2
L3 programming layer <2020-02-14> (/usr/share/texlive/texmf-dist/tex/latex/base
/book.cls
Document Class: book 2019/12/20 v1.4l Standard LaTeX document class
(/usr/share/texlive/texmf-dist/tex/latex/base/bk10.clo
File: bk10.clo 2019/12/20 v1.4l Standard LaTeX file (size option)
)
\c@part=\count167
\c@chapter=\count168
\c@section=\count169
\c@subsection=\count170
\c@subsubsection=\count171
\c@paragraph=\count172
\c@subparagraph=\count173
\c@figure=\count174
\c@table=\count175
\abovecaptionskip=\skip47
\belowcaptionskip=\skip48
\bibindent=\dimen134
) (/usr/share/texlive/texmf-dist/tex/generic/epsf/epsf.sty
This is `epsf.tex' v2.7.4 <14 February 2011>
\epsffilein=\read2
\epsfframemargin=\dimen135
\epsfframethickness=\dimen136
\epsfrsize=\dimen137
\epsftmp=\dimen138
\epsftsize=\dimen139
\epsfxsize=\dimen140
\epsfysize=\dimen141
\pspoints=\dimen142
) (/usr/share/texlive/texmf-dist/tex/latex/pstricks/pstricks.sty
Package: pstricks 2018/12/21 v0.69 LaTeX wrapper for `PSTricks' (RN,HV)
(/usr/share/texlive/texmf-dist/tex/generic/iftex/iftex.sty
Package: iftex 2019/11/07 v1.0c TeX engine tests
) (/usr/share/texlive/texmf-dist/tex/latex/tools/shellesc.sty
Package: shellesc 2019/11/08 v1.0c unified shell escape interface for LaTeX
Package shellesc Info: Restricted shell escape enabled on input line 77.
) (/usr/share/texlive/texmf-dist/tex/latex/xcolor/xcolor.sty
Package: xcolor 2016/05/11 v2.12 LaTeX color extensions (UK)
(/usr/share/texlive/texmf-dist/tex/latex/graphics-cfg/color.cfg
File: color.cfg 2016/01/02 v1.6 sample color configuration
)
Package xcolor Info: Driver file: dvips.def on input line 225.
(/usr/share/texlive/texmf-dist/tex/latex/graphics-def/dvips.def
File: dvips.def 2017/06/20 v3.1d Graphics/color driver for dvips
)
Package xcolor Info: Model `cmy' substituted by `cmy0' on input line 1348.
Package xcolor Info: Model `RGB' extended on input line 1364.
Package xcolor Info: Model `HTML' substituted by `rgb' on input line 1366.
Package xcolor Info: Model `Hsb' substituted by `hsb' on input line 1367.
Package xcolor Info: Model `tHsb' substituted by `hsb' on input line 1368.
Package xcolor Info: Model `HSB' substituted by `hsb' on input line 1369.
Package xcolor Info: Model `Gray' substituted by `gray' on input line 1370.
Package xcolor Info: Model `wave' substituted by `hsb' on input line 1371.
) (/usr/share/texlive/texmf-dist/tex/generic/xkeyval/pst-xkey.tex
File: pst-xkey.tex 2005/11/25 v1.6 PSTricks specialization of xkeyval (HA)
(/usr/share/texlive/texmf-dist/tex/latex/xkeyval/xkeyval.sty
Package: xkeyval 2014/12/03 v2.7a package option processing (HA)
(/usr/share/texlive/texmf-dist/tex/generic/xkeyval/xkeyval.tex (/usr/share/texl
ive/texmf-dist/tex/generic/xkeyval/xkvutils.tex
\XKV@toks=\toks14
\XKV@tempa@toks=\toks15
(/usr/share/texlive/texmf-dist/tex/generic/xkeyval/keyval.tex))
\XKV@depth=\count176
File: xkeyval.tex 2014/12/03 v2.7a key=value parser (HA)
))) (/usr/share/texlive/texmf-dist/tex/generic/pstricks/pstricks.tex (/usr/shar
e/texlive/texmf-dist/tex/generic/pstricks/pst-fp.tex `pst-fp' v0.05, 2010/01/17
 (hv)
\pstFP@xs=\count177
\pstFP@xia=\count178
\pstFP@xib=\count179
\pstFP@xfa=\count180
\pstFP@xfb=\count181
\pstFP@rega=\count182
\pstFP@regb=\count183
\pstFP@regs=\count184
\pstFP@times=\count185
) (/usr/share/texlive/texmf-dist/tex/generic/pgf/utilities/pgfutil-common.tex
\pgfutil@everybye=\toks16
\pgfutil@tempdima=\dimen143
\pgfutil@tempdimb=\dimen144

(/usr/share/texlive/texmf-dist/tex/generic/pgf/utilities/pgfutil-common-lists.t
ex)) (/usr/share/texlive/texmf-dist/tex/generic/pgf/utilities/pgfkeys.code.tex
\pgfkeys@pathtoks=\toks17
\pgfkeys@temptoks=\toks18

(/usr/share/texlive/texmf-dist/tex/generic/pgf/utilities/pgfkeysfiltered.code.t
ex
\pgfkeys@tmptoks=\toks19
)) (/usr/share/texlive/texmf-dist/tex/generic/pgf/utilities/pgffor.code.tex
Loading pgffor.code.tex
(/usr/share/texlive/texmf-dist/tex/generic/pgf/math/pgfmath.code.tex (/usr/shar
e/texlive/texmf-dist/tex/generic/pgf/math/pgfmathcalc.code.tex (/usr/share/texl
ive/texmf-dist/tex/generic/pgf/math/pgfmathutil.code.tex
\pgf@x=\dimen145
\pgf@xa=\dimen146
\pgf@xb=\dimen147
\pgf@xc=\dimen148
\pgf@y=\dimen149
\pgf@ya=\dimen150
\pgf@yb=\dimen151
\pgf@yc=\dimen152
\c@pgf@counta=\count186
\c@pgf@countb=\count187
\c@pgf@countc=\count188
\c@pgf@countd=\count189
\pgfutil@tempcnta=\count190
\pgfutil@tempcntb=\count191
) (/usr/share/texlive/texmf-dist/tex/generic/pgf/math/pgfmathparser.code.tex
\pgfmath@dimen=\dimen153
\pgfmath@count=\count192
\pgfmath@box=\box45
\pgfmath@toks=\toks20
\pgfmath@stack@operand=\toks21
\pgfmath@stack@operation=\toks22
) (/usr/share/texlive/texmf-dist/tex/generic/pgf/math/pgfmathfunctions.code.tex

(/usr/share/texlive/texmf-dist/tex/generic/pgf/math/pgfmathfunctions.basic.code
.tex)
(/usr/share/texlive/texmf-dist/tex/generic/pgf/math/pgfmathfunctions.trigonomet
ric.code.tex)
(/usr/share/texlive/texmf-dist/tex/generic/pgf/math/pgfmathfunctions.random.cod
e.tex)
(/usr/share/texlive/texmf-dist/tex/generic/pgf/math/pgfmathfunctions.comparison
.code.tex)
(/usr/share/texlive/texmf-dist/tex/generic/pgf/math/pgfmathfunctions.base.code.
tex)
(/usr/share/texlive/texmf-dist/tex/generic/pgf/math/pgfmathfunctions.round.code
.tex)
(/usr/share/texlive/texmf-dist/tex/generic/pgf/math/pgfmathfunctions.misc.code.
tex)
(/usr/share/texlive/texmf-dist/tex/generic/pgf/math/pgfmathfunctions.integerari
thmetics.code.tex))) (/usr/share/texlive/texmf-dist/tex/generic/pgf/math/pgfmat
hfloat.code.tex
\c@pgfmathroundto@lastzeros=\count193
))
\pgffor@iter=\dimen154
\pgffor@skip=\dimen155
\pgffor@stack=\toks23
\pgffor@toks=\toks24
)
\psLoopIndex=\count194
`PSTricks' v2.97  <2019/05/11> (tvz,hv)
\pst@dima=\dimen156
\pst@dimb=\dimen157
\pst@dimc=\dimen158
\pst@dimd=\dimen159
\pst@dimg=\dimen160
\pst@dimh=\dimen161
\pst@dimm=\dimen162
\pst@dimn=\dimen163
\pst@dimo=\dimen164
\pst@dimp=\dimen165
\pst@hbox=\box46
\pst@ibox=\box47
\pst@boxg=\box48
\pst@cnta=\count195
\pst@cntb=\count196
\pst@cntc=\count197
\pst@cntd=\count198
\pst@cntg=\count199
\pst@cnth=\count266
\pst@cntm=\count267
\pst@cntn=\count268
\pst@cnto=\count269
\pst@cntp=\count270
\@zero=\count271
\pst@toks=\toks25
(/usr/share/texlive/texmf-dist/tex/generic/pstricks/pstricks.con)
\psunit=\dimen166
\psxunit=\dimen167
\psyunit=\dimen168
\pst@C@@rType=\count272
\pslinewidth=\dimen169
\psk@startLW=\dimen170
\psk@endLW=\dimen171
\pst@customdefs=\toks26
\pslinearc=\dimen172
\pst@symbolStep=\dimen173
\pst@symbolWidth=\dimen174
\pst@symbolLinewidth=\dimen175
\everypsbox=\toks27
\psframesep=\dimen176
\pslabelsep=\dimen177
\sh@wgridXunit=\dimen178
\sh@wgridYunit=\dimen179
\pst@shift=\dimen180
)
File: pstricks.tex 2019/05/11 v2.97 `PSTricks' (tvz,hv)
(/usr/share/texlive/texmf-dist/tex/generic/pstricks/pst-fp.tex)
File: pst-fp.tex 2019/05/11 v2.97 `PST-fp' (hv)
) (/usr/share/texlive/texmf-dist/tex/latex/enumitem/enumitem.sty
Package: enumitem 2019/06/20 v3.9 Customized lists
\enitkv@toks@=\toks28
\labelindent=\skip49
\enit@outerparindent=\dimen181
\enit@toks=\toks29
\enit@inbox=\box49
\enit@count@id=\count273
\enitdp@description=\count274
) (/usr/share/texlive/texmf-dist/tex/latex/preprint/fullpage.sty
Package: fullpage 1999/02/23 1.1 (PWD)
\FP@margin=\skip50
) (/usr/share/texlive/texmf-dist/tex/latex/hyperref/hyperref.sty
Package: hyperref 2020/01/14 v7.00d Hypertext links for LaTeX
(/usr/share/texlive/texmf-dist/tex/generic/ltxcmds/ltxcmds.sty
Package: ltxcmds 2019/12/15 v1.24 LaTeX kernel commands for general use (HO)
) (/usr/share/texlive/texmf-dist/tex/latex/pdftexcmds/pdftexcmds.sty
Package: pdftexcmds 2019/11/24 v0.31 Utility functions of pdfTeX for LuaTeX (HO
)
(/usr/share/texlive/texmf-dist/tex/generic/infwarerr/infwarerr.sty
Package: infwarerr 2019/12/03 v1.5 Providing info/warning/error messages (HO)
)
Package pdftexcmds Info: \pdf@primitive is available.
Package pdftexcmds Info: \pdf@ifprimitive is available.
Package pdftexcmds Info: \pdfdraftmode is ignored in DVI mode.
) (/usr/share/texlive/texmf-dist/tex/generic/kvsetkeys/kvsetkeys.sty
Package: kvsetkeys 2019/12/15 v1.18 Key value parser (HO)
) (/usr/share/texlive/texmf-dist/tex/generic/kvdefinekeys/kvdefinekeys.sty
Package: kvdefinekeys 2019-12-19 v1.6 Define keys (HO)
) (/usr/share/texlive/texmf-dist/tex/generic/pdfescape/pdfescape.sty
Package: pdfescape 2019/12/09 v1.15 Implements pdfTeX's escape features (HO)
) (/usr/share/texlive/texmf-dist/tex/latex/hycolor/hycolor.sty
Package: hycolor 2020-01-27 v1.10 Color options for hyperref/bookmark (HO)
) (/usr/share/texlive/texmf-dist/tex/latex/letltxmacro/letltxmacro.sty
Package: letltxmacro 2019/12/03 v1.6 Let assignment for LaTeX macros (HO)
) (/usr/share/texlive/texmf-dist/tex/latex/auxhook/auxhook.sty
Package: auxhook 2019-12-17 v1.6 Hooks for auxiliary files (HO)
) (/usr/share/texlive/texmf-dist/tex/latex/kvoptions/kvoptions.sty
Package: kvoptions 2019/11/29 v3.13 Key value format for package options (HO)
)
\@linkdim=\dimen182
\Hy@linkcounter=\count275
\Hy@pagecounter=\count276
(/usr/share/texlive/texmf-dist/tex/latex/hyperref/pd1enc.def
File: pd1enc.def 2020/01/14 v7.00d Hyperref: PDFDocEncoding definition (HO)
Now handling font encoding PD1 ...
... no UTF-8 mapping file for font encoding PD1
) (/usr/share/texlive/texmf-dist/tex/generic/intcalc/intcalc.sty
Package: intcalc 2019/12/15 v1.3 Expandable calculations with integers (HO)
) (/usr/share/texlive/texmf-dist/tex/generic/etexcmds/etexcmds.sty
Package: etexcmds 2019/12/15 v1.7 Avoid name clashes with e-TeX commands (HO)
)
\Hy@SavedSpaceFactor=\count277
\pdfmajorversion=\count278
Package hyperref Info: Hyper figures OFF on input line 4547.
Package hyperref Info: Link nesting OFF on input line 4552.
Package hyperref Info: Hyper index ON on input line 4555.
Package hyperref Info: Plain pages OFF on input line 4562.
Package hyperref Info: Backreferencing OFF on input line 4567.
Package hyperref Info: Implicit mode ON; LaTeX internals redefined.
Package hyperref Info: Bookmarks ON on input line 4800.
\c@Hy@tempcnt=\count279
(/usr/share/texlive/texmf-dist/tex/latex/url/url.sty
\Urlmuskip=\muskip16
Package: url 2013/09/16  ver 3.4  Verb mode for urls, etc.
)
LaTeX Info: Redefining \url on input line 5159.
\XeTeXLinkMargin=\dimen183
(/usr/share/texlive/texmf-dist/tex/generic/bitset/bitset.sty
Package: bitset 2019/12/09 v1.3 Handle bit-vector datatype (HO)
(/usr/share/texlive/texmf-dist/tex/generic/bigintcalc/bigintcalc.sty
Package: bigintcalc 2019/12/15 v1.5 Expandable calculations on big integers (HO
)
))
\Fld@menulength=\count280
\Field@Width=\dimen184
\Fld@charsize=\dimen185
Package hyperref Info: Hyper figures OFF on input line 6430.
Package hyperref Info: Link nesting OFF on input line 6435.
Package hyperref Info: Hyper index ON on input line 6438.
Package hyperref Info: backreferencing OFF on input line 6445.
Package hyperref Info: Link coloring OFF on input line 6450.
Package hyperref Info: Link coloring with OCG OFF on input line 6455.
Package hyperref Info: PDF/A mode OFF on input line 6460.
LaTeX Info: Redefining \ref on input line 6500.
LaTeX Info: Redefining \pageref on input line 6504.
(/usr/share/texlive/texmf-dist/tex/generic/atbegshi/atbegshi.sty
Package: atbegshi 2019/12/05 v1.19 At begin shipout hook (HO)
)
\Hy@abspage=\count281
\c@Item=\count282
\c@Hfootnote=\count283
)
Package hyperref Info: Driver (default): hdvips.
(/usr/share/texlive/texmf-dist/tex/latex/hyperref/hdvips.def
File: hdvips.def 2020/01/14 v7.00d Hyperref driver for dvips
(/usr/share/texlive/texmf-dist/tex/latex/hyperref/pdfmark.def
File: pdfmark.def 2020/01/14 v7.00d Hyperref definitions for pdfmark specials
\pdf@docset=\toks30
\pdf@box=\box50
\pdf@toks=\toks31
\pdf@defaulttoks=\toks32
\HyField@AnnotCount=\count284
\Fld@listcount=\count285
\c@bookmark@seq@number=\count286
(/usr/share/texlive/texmf-dist/tex/latex/rerunfilecheck/rerunfilecheck.sty
Package: rerunfilecheck 2019/12/05 v1.9 Rerun checks for auxiliary files (HO)
(/usr/share/texlive/texmf-dist/tex/latex/atveryend/atveryend.sty
Package: atveryend 2019-12-11 v1.11 Hooks at the very end of document (HO)
Package atveryend Info: \enddocument detected (standard20110627).
) (/usr/share/texlive/texmf-dist/tex/generic/uniquecounter/uniquecounter.sty
Package: uniquecounter 2019/12/15 v1.4 Provide unlimited unique counter (HO)
)
Package uniquecounter Info: New unique counter `rerunfilecheck' on input line 2
86.
)
\Hy@SectionHShift=\skip51
))
Package hyperref Info: Option `colorlinks' set `true' on input line 20.

Package hyperref Warning: Option `pagebackref' has already been used,
(hyperref)                setting the option has no effect on input line 23.


Package hyperref Warning: Option `backref' has already been used,
(hyperref)                setting the option has no effect on input line 24.


Package hyperref Warning: Option `hyperfigures' has already been used,
(hyperref)                setting the option has no effect on input line 25.


Package hyperref Warning: Option `hyperfootnotes' has already been used,
(hyperref)                setting the option has no effect on input line 26.


Package hyperref Warning: Option `hyperindex' has already been used,
(hyperref)                setting the option has no effect on input line 27.

(/usr/share/texlive/texmf-dist/tex/latex/l3backend/l3backend-dvips.def
File: l3backend-dvips.def 2020-02-03 L3 backend support: dvips
\l__pdf_internal_box=\box51
\g__pdf_backend_object_int=\count287
\l__pdf_backend_content_box=\box52
\l__pdf_backend_model_box=\box53
\g__pdf_backend_annotation_int=\count288
\g__pdf_backend_link_int=\count289
\g__pdf_backend_link_sf_int=\count290
)
(/lindata/My-work/Professional/iitb/development/ajit-branch/ajit-toolchain/src/
development/amv-ajit-code/asmgen/docs/build/isa.aux

LaTeX Warning: Label `fig:ajit:slldcc:insn' multiply defined.

)
\openout1 = `isa.aux'.

LaTeX Font Info:    Checking defaults for OML/cmm/m/it on input line 77.
LaTeX Font Info:    ... okay on input line 77.
LaTeX Font Info:    Checking defaults for OMS/cmsy/m/n on input line 77.
LaTeX Font Info:    ... okay on input line 77.
LaTeX Font Info:    Checking defaults for OT1/cmr/m/n on input line 77.
LaTeX Font Info:    ... okay on input line 77.
LaTeX Font Info:    Checking defaults for T1/cmr/m/n on input line 77.
LaTeX Font Info:    ... okay on input line 77.
LaTeX Font Info:    Checking defaults for TS1/cmr/m/n on input line 77.
LaTeX Font Info:    ... okay on input line 77.
LaTeX Font Info:    Checking defaults for OMX/cmex/m/n on input line 77.
LaTeX Font Info:    ... okay on input line 77.
LaTeX Font Info:    Checking defaults for U/cmr/m/n on input line 77.
LaTeX Font Info:    ... okay on input line 77.
LaTeX Font Info:    Checking defaults for PD1/pdf/m/n on input line 77.
LaTeX Font Info:    ... okay on input line 77.
\AtBeginShipoutBox=\box54
Package hyperref Info: Link coloring ON on input line 77.
(/usr/share/texlive/texmf-dist/tex/latex/hyperref/nameref.sty
Package: nameref 2019/09/16 v2.46 Cross-referencing by name of section
(/usr/share/texlive/texmf-dist/tex/latex/refcount/refcount.sty
Package: refcount 2019/12/15 v3.6 Data extraction from label references (HO)
) (/usr/share/texlive/texmf-dist/tex/generic/gettitlestring/gettitlestring.sty
Package: gettitlestring 2019/12/15 v1.6 Cleanup title references (HO)
)
\c@section@level=\count291
)
LaTeX Info: Redefining \ref on input line 77.
LaTeX Info: Redefining \pageref on input line 77.
LaTeX Info: Redefining \nameref on input line 77.

(/lindata/My-work/Professional/iitb/development/ajit-branch/ajit-toolchain/src/
development/amv-ajit-code/asmgen/docs/build/isa.out)
(/lindata/My-work/Professional/iitb/development/ajit-branch/ajit-toolchain/src/
development/amv-ajit-code/asmgen/docs/build/isa.out)
\@outlinefile=\write3
\openout3 = `isa.out'.

LaTeX Font Info:    External font `cmex10' loaded for size
(Font)              <12> on input line 81.
LaTeX Font Info:    External font `cmex10' loaded for size
(Font)              <8> on input line 81.
LaTeX Font Info:    External font `cmex10' loaded for size
(Font)              <6> on input line 81.
[1


] [2

]
(/lindata/My-work/Professional/iitb/development/ajit-branch/ajit-toolchain/src/
development/amv-ajit-code/asmgen/docs/build/isa.toc
LaTeX Font Info:    External font `cmex10' loaded for size
(Font)              <7> on input line 2.
LaTeX Font Info:    External font `cmex10' loaded for size
(Font)              <5> on input line 2.
[3])
\tf@toc=\write4
\openout4 = `isa.toc'.

[4]
(/lindata/My-work/Professional/iitb/development/ajit-branch/ajit-toolchain/src/
development/amv-ajit-code/asmgen/docs/build/isa.lot)
\tf@lot=\write5
\openout5 = `isa.lot'.

[5

] [6

]
Chapter 1.

Underfull \hbox (badness 10000) in paragraph at lines 127--128

 []

[7]
Overfull \hbox (47.99995pt too wide) in paragraph at lines 172--181
[][]
 []

[8] (../src/isa-v2-details.tex
Overfull \hbox (4.02364pt too wide) in paragraph at lines 15--41
 [][] 
 []


Underfull \hbox (badness 10000) in paragraph at lines 241--241

 []


Underfull \hbox (badness 10000) in paragraph at lines 265--265

 []


Underfull \hbox (badness 10000) in paragraph at lines 290--290

 []


Underfull \hbox (badness 10000) in paragraph at lines 314--314

 []


Underfull \hbox (badness 10000) in paragraph at lines 572--572

 []


Underfull \hbox (badness 10000) in paragraph at lines 594--594

 []


Underfull \hbox (badness 10000) in paragraph at lines 619--619

 []


Underfull \hbox (badness 10000) in paragraph at lines 619--619

 []


Underfull \hbox (badness 10000) in paragraph at lines 650--650

 []


Underfull \hbox (badness 10000) in paragraph at lines 675--675

 []


Underfull \hbox (badness 10000) in paragraph at lines 675--675

 []


Underfull \hbox (badness 10000) in paragraph at lines 697--697

 []


Underfull \hbox (badness 10000) in paragraph at lines 729--729

 []


Underfull \hbox (badness 10000) in paragraph at lines 729--729

 []


Underfull \hbox (badness 10000) in paragraph at lines 751--751

 []


Underfull \hbox (badness 10000) in paragraph at lines 773--773

 []


Underfull \hbox (badness 10000) in paragraph at lines 773--773

 []


Underfull \hbox (badness 10000) in paragraph at lines 779--779
[]\OT1/cmr/m/n/10 rd $\OMS/cmsy/m/n/10  $ \OT1/cmr/m/n/10 [b7[]zero b6[]zero b5
[]zero b4[]zero
 []

[9] [10] [11] [12] [13] [14] [15] [16]
Underfull \hbox (badness 10000) in paragraph at lines 969--969

 []


Underfull \hbox (badness 10000) in paragraph at lines 969--969

 []


Underfull \hbox (badness 10000) in paragraph at lines 983--983

 []


Underfull \hbox (badness 10000) in paragraph at lines 983--983

 []


Underfull \hbox (badness 10000) in paragraph at lines 998--998

 []


Underfull \hbox (badness 10000) in paragraph at lines 1011--1011

 []

) [17] (../src/binutils.tex [18] [19] [20

]
Chapter 2.
LaTeX Font Info:    Trying to load font information for TS1+cmtt on input line 
16.
(/usr/share/texlive/texmf-dist/tex/latex/base/ts1cmtt.fd
File: ts1cmtt.fd 2019/12/16 v2.5j Standard LaTeX font definitions
)

LaTeX Warning: `h' float specifier changed to `ht'.

[21]
(../figs/sparc-v8-insn-32-bit-layout.eps
)
[22] [23]
Overfull \hbox (31.08916pt too wide) in paragraph at lines 235--235
[]\OT1/cmtt/m/n/9 #define F5(x, y, z, b)        (F3(x, y, z) | OP_AJIT_BIT_5_AN
D_6 (b))     /* Format 3 with bits 5 and 6 */[] 
 []


Overfull \hbox (49.98894pt too wide) in paragraph at lines 235--235
[]\OT1/cmtt/m/n/9 #define F6(x, y, z, b, a)     (F5 (x, y, z, b) | OP_AJIT_BIT_
7_THRU_9(a)) /* Format 3 with bits 5-6 and 7-9 */[] 
 []

[24] [25] (../src/add-sub-insn-extns.tex
Underfull \hbox (badness 10000) in paragraph at lines 4--5

 []

(../figs/addd-ajit-insn-32-bit-layout.eps
)
[26]
Overfull \hbox (10.0758pt too wide) in paragraph at lines 53--61
[][] 
 []


Underfull \hbox (badness 10000) in paragraph at lines 62--63

 []

(../figs/adddcc-ajit-insn-32-bit-layout.eps
)

Overfull \hbox (10.0758pt too wide) in paragraph at lines 109--117
[][] 
 []


Underfull \hbox (badness 10000) in paragraph at lines 118--119

 []

(../figs/subd-ajit-insn-32-bit-layout.eps
)

Overfull \hbox (10.0758pt too wide) in paragraph at lines 164--172
[][] 
 []

[27]
Underfull \hbox (badness 10000) in paragraph at lines 173--174

 []

(../figs/subdcc-ajit-insn-32-bit-layout.eps
)

Overfull \hbox (10.0758pt too wide) in paragraph at lines 218--226
[][] 
 []

) (../src/shift-insn-extns.tex
Underfull \hbox (badness 10000) in paragraph at lines 29--30

 []

[28]
(../figs/slld-ajit-insn-32-bit-layout.eps
)

Underfull \hbox (badness 10000) in paragraph at lines 43--50

 []


Underfull \hbox (badness 10000) in paragraph at lines 65--66

 []

(../figs/srld-ajit-insn-32-bit-layout.eps
)

Underfull \hbox (badness 10000) in paragraph at lines 79--86

 []


Underfull \hbox (badness 10000) in paragraph at lines 105--106

 []

(../figs/srad-ajit-insn-32-bit-layout.eps
)

LaTeX Warning: `h' float specifier changed to `ht'.


Underfull \hbox (badness 10000) in paragraph at lines 119--126

 []

[29]
Underfull \hbox (badness 10000) in paragraph at lines 147--148

 []

(../figs/slld-reg-ajit-insn-32-bit-layout.eps
)

Underfull \hbox (badness 10000) in paragraph at lines 176--177

 []

(../figs/srld-reg-ajit-insn-32-bit-layout.eps
)

LaTeX Warning: `h' float specifier changed to `ht'.

[30]
Underfull \hbox (badness 10000) in paragraph at lines 207--208

 []

(../figs/srad-reg-ajit-insn-32-bit-layout.eps
)
) (../src/mul-div-insn-extns.tex
Underfull \hbox (badness 10000) in paragraph at lines 4--10

 []

(../figs/umuld-ajit-insn-32-bit-layout.eps
)
[31]
Underfull \hbox (badness 10000) in paragraph at lines 42--43

 []

(../figs/umuldcc-ajit-insn-32-bit-layout.eps
)

Underfull \hbox (badness 10000) in paragraph at lines 71--73

 []

(../figs/smuld-ajit-insn-32-bit-layout.eps
)
[32]
Underfull \hbox (badness 10000) in paragraph at lines 101--102

 []

(../figs/smuldcc-ajit-insn-32-bit-layout.eps
)

Underfull \hbox (badness 10000) in paragraph at lines 131--132

 []

(../figs/udivd-ajit-insn-32-bit-layout.eps
)
[33]
Underfull \hbox (badness 10000) in paragraph at lines 160--161

 []

(../figs/udivdcc-ajit-insn-32-bit-layout.eps
)

Underfull \hbox (badness 10000) in paragraph at lines 189--190

 []

(../figs/sdivd-ajit-insn-32-bit-layout.eps
)
[34]
Underfull \hbox (badness 10000) in paragraph at lines 219--220

 []

(../figs/sdivdcc-ajit-insn-32-bit-layout.eps
)
) (../src/64-bit-logical-insn-extns.tex
Underfull \hbox (badness 10000) in paragraph at lines 7--8

 []

(../figs/ord-ajit-insn-32-bit-layout.eps
)
[35]
Underfull \hbox (badness 10000) in paragraph at lines 35--36

 []

(../figs/ordcc-ajit-insn-32-bit-layout.eps
)

Underfull \hbox (badness 10000) in paragraph at lines 64--65

 []

(../figs/ordn-ajit-insn-32-bit-layout.eps
)
[36]
Underfull \hbox (badness 10000) in paragraph at lines 92--93

 []

(../figs/ordncc-ajit-insn-32-bit-layout.eps
)

Underfull \hbox (badness 10000) in paragraph at lines 121--122

 []

(../figs/xordcc-ajit-insn-32-bit-layout.eps
)
[37]
Underfull \hbox (badness 10000) in paragraph at lines 153--154

 []

(../figs/xnord-ajit-insn-32-bit-layout.eps
)

Underfull \hbox (badness 10000) in paragraph at lines 182--183

 []

(../figs/xnordcc-ajit-insn-32-bit-layout.eps
)
[38]
Underfull \hbox (badness 10000) in paragraph at lines 211--212

 []

(../figs/andd-ajit-insn-32-bit-layout.eps
)

Underfull \hbox (badness 10000) in paragraph at lines 239--240

 []

(../figs/anddcc-ajit-insn-32-bit-layout.eps
)

Underfull \hbox (badness 10000) in paragraph at lines 268--269

 []

[39]
(../figs/anddn-ajit-insn-32-bit-layout.eps
)

Underfull \hbox (badness 10000) in paragraph at lines 296--297

 []

(../figs/anddncc-ajit-insn-32-bit-layout.eps
)
) (../src/simd-1-insn-extns.tex [40]
Underfull \hbox (badness 10000) in paragraph at lines 28--29

 []

[41])) (../src/sisad.tex [42]
Chapter 3.
[43

] [44]
Overfull \hbox (9.78758pt too wide) in paragraph at lines 187--197
 [] 
 []


Underfull \hbox (badness 10000) in paragraph at lines 198--200

 []

[45] [46]) [47] (../src/packaging.tex [48

]
Chapter 4.
LaTeX Font Info:    Trying to load font information for OMS+cmtt on input line 
15.
(/usr/share/texmf/tex/latex/R/tex/latex/omscmtt.fd
File: omscmtt.fd 
)
LaTeX Font Info:    Font shape `OMS/cmtt/m/n' in size <10> not available
(Font)              Font shape `OMS/cmsy/m/n' tried instead on input line 15.

Overfull \hbox (23.99998pt too wide) in paragraph at lines 9--20
[][] 
 []

[49]
Overfull \hbox (23.99998pt too wide) in paragraph at lines 79--168
 [][] 
 []


Overfull \hbox (23.99998pt too wide) in paragraph at lines 173--193
 [][] 
 []


Overfull \hbox (23.99998pt too wide) in paragraph at lines 241--325
 [][] 
 []

LaTeX Font Info:    Font shape `OT1/cmtt/bx/n' in size <12> not available
(Font)              Font shape `OT1/cmtt/m/n' tried instead on input line 370.
[50]
Underfull \vbox (badness 10000) has occurred while \output is active []

[51]
Underfull \vbox (badness 10000) has occurred while \output is active []

[52] [53]
Overfull \hbox (6.73984pt too wide) in paragraph at lines 617--629
[]\OT1/cmtt/m/n/10 ./configure --prefix=\TS1/cmtt/m/n/10 $\OT1/cmtt/m/n/10 X86I
NSTALLDIR --target=i386-pc-linux-gnu > i386-configure.stdout
 []


Overfull \hbox (3.86818pt too wide) in paragraph at lines 617--629
\OT1/cmtt/m/n/10 configure\OT1/cmr/m/n/10 . The spec-i-fi-ca-tion fol-lows the 
GNU rules; the i386 tar-get is spec-i-fied as: \OT1/cmtt/m/n/10 i386-pc-linux-g
nu\OT1/cmr/m/n/10 .
 []


Overfull \hbox (11.98979pt too wide) in paragraph at lines 646--647
[]\OT1/cmtt/m/n/10 ./configure --prefix=\TS1/cmtt/m/n/10 $\OT1/cmtt/m/n/10 SPAR
CINSTALLDIR --target=sparc-linux-gnu > sparc-configure.stdout
 []

[54]
Overfull \hbox (7.46805pt too wide) in paragraph at lines 683--695
[]\OT1/cmr/m/n/10 regex.c, cplus-dem.c, cp-demangle.c, md5.c, sha1.c, al-loca.c
, argv.c, choose-temp.c, con-cat.c, cp-demint.c,
 []

)
Package atveryend Info: Empty hook `BeforeClearDocument' on input line 231.
[55] [56] [57] [58] [59]
Package atveryend Info: Empty hook `AfterLastShipout' on input line 231.

(/lindata/My-work/Professional/iitb/development/ajit-branch/ajit-toolchain/src/
development/amv-ajit-code/asmgen/docs/build/isa.aux)
Package atveryend Info: Empty hook `AtVeryEndDocument' on input line 231.
Package atveryend Info: Executing hook `AtEndAfterFileList' on input line 231.
Package rerunfilecheck Info: File `isa.out' has not changed.
(rerunfilecheck)             Checksum: 37EC9D0E4E1AE0D8EAA0A79249294359;5643.

LaTeX Warning: There were multiply-defined labels.

Package atveryend Info: Empty hook `AtVeryVeryEnd' on input line 231.
 ) 
Here is how much of TeX's memory you used:
 12388 strings out of 482558
 219180 string characters out of 5953047
 536900 words of memory out of 5000000
 27331 multiletter control sequences out of 15000+600000
 539895 words of font info for 50 fonts, out of 8000000 for 9000
 331 hyphenation exceptions out of 8191
 38i,21n,51p,527b,578s stack positions out of 5000i,500n,10000p,200000b,80000s

Output written on /lindata/My-work/Professional/iitb/development/ajit-branch/aj
it-toolchain/src/development/amv-ajit-code/asmgen/docs/build/isa.dvi (59 pages,
 297644 bytes).
