In file included from ../../binutils-2.22-with-ajit/bfd/srec.c:108:
../../binutils-2.22-with-ajit/bfd/libbfd.h:248:4: error: cast between incompatible function types from ‘bfd_boolean (*)(bfd *)’ {aka ‘int (*)(struct bfd *)’} to ‘bfd_boolean (*)(bfd *, bfd *)’ {aka ‘int (*)(struct bfd *, struct bfd *)’} [-Werror=cast-function-type]
  248 |   ((bfd_boolean (*) (bfd *, bfd *)) bfd_true)
      |    ^
./bfd.h:5969:3: note: in expansion of macro ‘_bfd_generic_bfd_copy_private_bfd_data’
 5969 |   NAME##_bfd_copy_private_bfd_data, \
      |   ^~~~
../../binutils-2.22-with-ajit/bfd/srec.c:1312:3: note: in expansion of macro ‘BFD_JUMP_TABLE_COPY’
 1312 |   BFD_JUMP_TABLE_COPY (_bfd_generic),
      |   ^~~~~~~~~~~~~~~~~~~
../../binutils-2.22-with-ajit/bfd/libbfd.h:250:4: error: cast between incompatible function types from ‘bfd_boolean (*)(bfd *)’ {aka ‘int (*)(struct bfd *)’} to ‘bfd_boolean (*)(bfd *, bfd *)’ {aka ‘int (*)(struct bfd *, struct bfd *)’} [-Werror=cast-function-type]
  250 |   ((bfd_boolean (*) (bfd *, bfd *)) bfd_true)
      |    ^
./bfd.h:5970:3: note: in expansion of macro ‘_bfd_generic_bfd_merge_private_bfd_data’
 5970 |   NAME##_bfd_merge_private_bfd_data, \
      |   ^~~~
../../binutils-2.22-with-ajit/bfd/srec.c:1312:3: note: in expansion of macro ‘BFD_JUMP_TABLE_COPY’
 1312 |   BFD_JUMP_TABLE_COPY (_bfd_generic),
      |   ^~~~~~~~~~~~~~~~~~~
../../binutils-2.22-with-ajit/bfd/libbfd.h:254:4: error: cast between incompatible function types from ‘bfd_boolean (*)(bfd *)’ {aka ‘int (*)(struct bfd *)’} to ‘bfd_boolean (*)(bfd *, asection *, bfd *, asection *)’ {aka ‘int (*)(struct bfd *, struct bfd_section *, struct bfd *, struct bfd_section *)’} [-Werror=cast-function-type]
  254 |   ((bfd_boolean (*) (bfd *, asection *, bfd *, asection *)) bfd_true)
      |    ^
./bfd.h:5972:3: note: in expansion of macro ‘_bfd_generic_bfd_copy_private_section_data’
 5972 |   NAME##_bfd_copy_private_section_data, \
      |   ^~~~
../../binutils-2.22-with-ajit/bfd/srec.c:1312:3: note: in expansion of macro ‘BFD_JUMP_TABLE_COPY’
 1312 |   BFD_JUMP_TABLE_COPY (_bfd_generic),
      |   ^~~~~~~~~~~~~~~~~~~
../../binutils-2.22-with-ajit/bfd/libbfd.h:256:4: error: cast between incompatible function types from ‘bfd_boolean (*)(bfd *)’ {aka ‘int (*)(struct bfd *)’} to ‘bfd_boolean (*)(bfd *, asymbol *, bfd *, asymbol *)’ {aka ‘int (*)(struct bfd *, struct bfd_symbol *, struct bfd *, struct bfd_symbol *)’} [-Werror=cast-function-type]
  256 |   ((bfd_boolean (*) (bfd *, asymbol *, bfd *, asymbol *)) bfd_true)
      |    ^
./bfd.h:5973:3: note: in expansion of macro ‘_bfd_generic_bfd_copy_private_symbol_data’
 5973 |   NAME##_bfd_copy_private_symbol_data, \
      |   ^~~~
../../binutils-2.22-with-ajit/bfd/srec.c:1312:3: note: in expansion of macro ‘BFD_JUMP_TABLE_COPY’
 1312 |   BFD_JUMP_TABLE_COPY (_bfd_generic),
      |   ^~~~~~~~~~~~~~~~~~~
../../binutils-2.22-with-ajit/bfd/libbfd.h:258:4: error: cast between incompatible function types from ‘bfd_boolean (*)(bfd *)’ {aka ‘int (*)(struct bfd *)’} to ‘bfd_boolean (*)(bfd *, bfd *)’ {aka ‘int (*)(struct bfd *, struct bfd *)’} [-Werror=cast-function-type]
  258 |   ((bfd_boolean (*) (bfd *, bfd *)) bfd_true)
      |    ^
./bfd.h:5974:3: note: in expansion of macro ‘_bfd_generic_bfd_copy_private_header_data’
 5974 |   NAME##_bfd_copy_private_header_data, \
      |   ^~~~
../../binutils-2.22-with-ajit/bfd/srec.c:1312:3: note: in expansion of macro ‘BFD_JUMP_TABLE_COPY’
 1312 |   BFD_JUMP_TABLE_COPY (_bfd_generic),
      |   ^~~~~~~~~~~~~~~~~~~
../../binutils-2.22-with-ajit/bfd/libbfd.h:252:4: error: cast between incompatible function types from ‘bfd_boolean (*)(bfd *)’ {aka ‘int (*)(struct bfd *)’} to ‘bfd_boolean (*)(bfd *, flagword)’ {aka ‘int (*)(struct bfd *, unsigned int)’} [-Werror=cast-function-type]
  252 |   ((bfd_boolean (*) (bfd *, flagword)) bfd_true)
      |    ^
./bfd.h:5975:3: note: in expansion of macro ‘_bfd_generic_bfd_set_private_flags’
 5975 |   NAME##_bfd_set_private_flags, \
      |   ^~~~
../../binutils-2.22-with-ajit/bfd/srec.c:1312:3: note: in expansion of macro ‘BFD_JUMP_TABLE_COPY’
 1312 |   BFD_JUMP_TABLE_COPY (_bfd_generic),
      |   ^~~~~~~~~~~~~~~~~~~
../../binutils-2.22-with-ajit/bfd/libbfd.h:260:4: error: cast between incompatible function types from ‘bfd_boolean (*)(bfd *)’ {aka ‘int (*)(struct bfd *)’} to ‘bfd_boolean (*)(bfd *, void *)’ {aka ‘int (*)(struct bfd *, void *)’} [-Werror=cast-function-type]
  260 |   ((bfd_boolean (*) (bfd *, void *)) bfd_true)
      |    ^
./bfd.h:5976:3: note: in expansion of macro ‘_bfd_generic_bfd_print_private_bfd_data’
 5976 |   NAME##_bfd_print_private_bfd_data
      |   ^~~~
../../binutils-2.22-with-ajit/bfd/srec.c:1312:3: note: in expansion of macro ‘BFD_JUMP_TABLE_COPY’
 1312 |   BFD_JUMP_TABLE_COPY (_bfd_generic),
      |   ^~~~~~~~~~~~~~~~~~~
../../binutils-2.22-with-ajit/bfd/libbfd.h:283:4: error: cast between incompatible function types from ‘bfd_boolean (*)(bfd *)’ {aka ‘int (*)(struct bfd *)’} to ‘bfd_boolean (*)(bfd *, char **, bfd_size_type *, const char **)’ {aka ‘int (*)(struct bfd *, char **, long unsigned int *, const char **)’} [-Werror=cast-function-type]
  283 |   ((bfd_boolean (*) (bfd *, char **, bfd_size_type *, const char **)) \
      |    ^
./bfd.h:6024:3: note: in expansion of macro ‘_bfd_noarchive_construct_extended_name_table’
 6024 |   NAME##_construct_extended_name_table, \
      |   ^~~~
../../binutils-2.22-with-ajit/bfd/srec.c:1314:3: note: in expansion of macro ‘BFD_JUMP_TABLE_ARCHIVE’
 1314 |   BFD_JUMP_TABLE_ARCHIVE (_bfd_noarchive),
      |   ^~~~~~~~~~~~~~~~~~~~~~
../../binutils-2.22-with-ajit/bfd/libbfd.h:286:4: error: cast between incompatible function types from ‘void (*)(bfd *)’ {aka ‘void (*)(struct bfd *)’} to ‘void (*)(bfd *, const char *, char *)’ {aka ‘void (*)(struct bfd *, const char *, char *)’} [-Werror=cast-function-type]
  286 |   ((void (*) (bfd *, const char *, char *)) bfd_void)
      |    ^
./bfd.h:6025:3: note: in expansion of macro ‘_bfd_noarchive_truncate_arname’
 6025 |   NAME##_truncate_arname, \
      |   ^~~~
../../binutils-2.22-with-ajit/bfd/srec.c:1314:3: note: in expansion of macro ‘BFD_JUMP_TABLE_ARCHIVE’
 1314 |   BFD_JUMP_TABLE_ARCHIVE (_bfd_noarchive),
      |   ^~~~~~~~~~~~~~~~~~~~~~
../../binutils-2.22-with-ajit/bfd/libbfd.h:288:4: error: cast between incompatible function types from ‘bfd_boolean (*)(bfd *)’ {aka ‘int (*)(struct bfd *)’} to ‘bfd_boolean (*)(bfd *, unsigned int,  struct orl *, unsigned int,  int)’ {aka ‘int (*)(struct bfd *, unsigned int,  struct orl *, unsigned int,  int)’} [-Werror=cast-function-type]
  288 |   ((bfd_boolean (*) (bfd *, unsigned int, struct orl *, unsigned int, int)) \
      |    ^
./bfd.h:6026:3: note: in expansion of macro ‘_bfd_noarchive_write_armap’
 6026 |   NAME##_write_armap, \
      |   ^~~~
../../binutils-2.22-with-ajit/bfd/srec.c:1314:3: note: in expansion of macro ‘BFD_JUMP_TABLE_ARCHIVE’
 1314 |   BFD_JUMP_TABLE_ARCHIVE (_bfd_noarchive),
      |   ^~~~~~~~~~~~~~~~~~~~~~
../../binutils-2.22-with-ajit/bfd/libbfd.h:292:4: error: cast between incompatible function types from ‘bfd_boolean (*)(bfd *)’ {aka ‘int (*)(struct bfd *)’} to ‘bfd_boolean (*)(bfd *, bfd *)’ {aka ‘int (*)(struct bfd *, struct bfd *)’} [-Werror=cast-function-type]
  292 |   ((bfd_boolean (*) (bfd *, bfd *)) bfd_false)
      |    ^
./bfd.h:6028:3: note: in expansion of macro ‘_bfd_noarchive_write_ar_hdr’
 6028 |   NAME##_write_ar_hdr, \
      |   ^~~~
../../binutils-2.22-with-ajit/bfd/srec.c:1314:3: note: in expansion of macro ‘BFD_JUMP_TABLE_ARCHIVE’
 1314 |   BFD_JUMP_TABLE_ARCHIVE (_bfd_noarchive),
      |   ^~~~~~~~~~~~~~~~~~~~~~
../../binutils-2.22-with-ajit/bfd/libbfd.h:294:4: error: cast between incompatible function types from ‘void * (*)(bfd *)’ {aka ‘void * (*)(struct bfd *)’} to ‘bfd * (*)(bfd *, bfd *)’ {aka ‘struct bfd * (*)(struct bfd *, struct bfd *)’} [-Werror=cast-function-type]
  294 |   ((bfd *(*) (bfd *, bfd *)) bfd_nullvoidptr)
      |    ^
./bfd.h:6029:3: note: in expansion of macro ‘_bfd_noarchive_openr_next_archived_file’
 6029 |   NAME##_openr_next_archived_file, \
      |   ^~~~
../../binutils-2.22-with-ajit/bfd/srec.c:1314:3: note: in expansion of macro ‘BFD_JUMP_TABLE_ARCHIVE’
 1314 |   BFD_JUMP_TABLE_ARCHIVE (_bfd_noarchive),
      |   ^~~~~~~~~~~~~~~~~~~~~~
../../binutils-2.22-with-ajit/bfd/libbfd.h:296:4: error: cast between incompatible function types from ‘void * (*)(bfd *)’ {aka ‘void * (*)(struct bfd *)’} to ‘bfd * (*)(bfd *, symindex)’ {aka ‘struct bfd * (*)(struct bfd *, long unsigned int)’} [-Werror=cast-function-type]
  296 |   ((bfd *(*) (bfd *, symindex)) bfd_nullvoidptr)
      |    ^
./bfd.h:6030:3: note: in expansion of macro ‘_bfd_noarchive_get_elt_at_index’
 6030 |   NAME##_get_elt_at_index, \
      |   ^~~~
../../binutils-2.22-with-ajit/bfd/srec.c:1314:3: note: in expansion of macro ‘BFD_JUMP_TABLE_ARCHIVE’
 1314 |   BFD_JUMP_TABLE_ARCHIVE (_bfd_noarchive),
      |   ^~~~~~~~~~~~~~~~~~~~~~
../../binutils-2.22-with-ajit/bfd/srec.c:1242:52: error: cast between incompatible function types from ‘bfd_boolean (*)(bfd *)’ {aka ‘int (*)(struct bfd *)’} to ‘bfd_boolean (*)(bfd *, asymbol *)’ {aka ‘int (*)(struct bfd *, struct bfd_symbol *)’} [-Werror=cast-function-type]
 1242 | #define srec_bfd_is_target_special_symbol         ((bfd_boolean (*) (bfd *, asymbol *)) bfd_false)
      |                                                    ^
./bfd.h:6057:3: note: in expansion of macro ‘srec_bfd_is_target_special_symbol’
 6057 |   NAME##_bfd_is_target_special_symbol, \
      |   ^~~~
../../binutils-2.22-with-ajit/bfd/srec.c:1315:3: note: in expansion of macro ‘BFD_JUMP_TABLE_SYMBOLS’
 1315 |   BFD_JUMP_TABLE_SYMBOLS (srec),
      |   ^~~~~~~~~~~~~~~~~~~~~~
In file included from ../../binutils-2.22-with-ajit/bfd/srec.c:108:
../../binutils-2.22-with-ajit/bfd/libbfd.h:401:4: error: cast between incompatible function types from ‘void * (*)(bfd *)’ {aka ‘void * (*)(struct bfd *)’} to ‘alent * (*)(bfd *, asymbol *)’ {aka ‘struct lineno_cache_entry * (*)(struct bfd *, struct bfd_symbol *)’} [-Werror=cast-function-type]
  401 |   ((alent *(*) (bfd *, asymbol *)) bfd_nullvoidptr)
      |    ^
../../binutils-2.22-with-ajit/bfd/srec.c:1244:51: note: in expansion of macro ‘_bfd_nosymbols_get_lineno’
 1244 | #define srec_get_lineno                           _bfd_nosymbols_get_lineno
      |                                                   ^~~~~~~~~~~~~~~~~~~~~~~~~
./bfd.h:6058:3: note: in expansion of macro ‘srec_get_lineno’
 6058 |   NAME##_get_lineno, \
      |   ^~~~
../../binutils-2.22-with-ajit/bfd/srec.c:1315:3: note: in expansion of macro ‘BFD_JUMP_TABLE_SYMBOLS’
 1315 |   BFD_JUMP_TABLE_SYMBOLS (srec),
      |   ^~~~~~~~~~~~~~~~~~~~~~
../../binutils-2.22-with-ajit/bfd/libbfd.h:403:4: error: cast between incompatible function types from ‘bfd_boolean (*)(bfd *)’ {aka ‘int (*)(struct bfd *)’} to ‘bfd_boolean (*)(bfd *, asection *, asymbol **, bfd_vma,  const char **, const char **, unsigned int *)’ {aka ‘int (*)(struct bfd *, struct bfd_section *, struct bfd_symbol **, long unsigned int,  const char **, const char **, unsigned int *)’} [-Werror=cast-function-type]
  403 |   ((bfd_boolean (*) (bfd *, asection *, asymbol **, bfd_vma, const char **, \
      |    ^
../../binutils-2.22-with-ajit/bfd/srec.c:1245:51: note: in expansion of macro ‘_bfd_nosymbols_find_nearest_line’
 1245 | #define srec_find_nearest_line                    _bfd_nosymbols_find_nearest_line
      |                                                   ^~~~~~~~~~~~~~~~~~~~~~~~~~~~~~~~
./bfd.h:6059:3: note: in expansion of macro ‘srec_find_nearest_line’
 6059 |   NAME##_find_nearest_line, \
      |   ^~~~
../../binutils-2.22-with-ajit/bfd/srec.c:1315:3: note: in expansion of macro ‘BFD_JUMP_TABLE_SYMBOLS’
 1315 |   BFD_JUMP_TABLE_SYMBOLS (srec),
      |   ^~~~~~~~~~~~~~~~~~~~~~
../../binutils-2.22-with-ajit/bfd/libbfd.h:407:4: error: cast between incompatible function types from ‘bfd_boolean (*)(bfd *)’ {aka ‘int (*)(struct bfd *)’} to ‘bfd_boolean (*)(bfd *, const char **, const char **, unsigned int *)’ {aka ‘int (*)(struct bfd *, const char **, const char **, unsigned int *)’} [-Werror=cast-function-type]
  407 |   ((bfd_boolean (*) (bfd *, const char **, const char **, unsigned int *)) \
      |    ^
../../binutils-2.22-with-ajit/bfd/srec.c:1246:51: note: in expansion of macro ‘_bfd_nosymbols_find_inliner_info’
 1246 | #define srec_find_inliner_info                    _bfd_nosymbols_find_inliner_info
      |                                                   ^~~~~~~~~~~~~~~~~~~~~~~~~~~~~~~~
./bfd.h:6061:3: note: in expansion of macro ‘srec_find_inliner_info’
 6061 |   NAME##_find_inliner_info, \
      |   ^~~~
../../binutils-2.22-with-ajit/bfd/srec.c:1315:3: note: in expansion of macro ‘BFD_JUMP_TABLE_SYMBOLS’
 1315 |   BFD_JUMP_TABLE_SYMBOLS (srec),
      |   ^~~~~~~~~~~~~~~~~~~~~~
../../binutils-2.22-with-ajit/bfd/libbfd.h:410:4: error: cast between incompatible function types from ‘void * (*)(bfd *)’ {aka ‘void * (*)(struct bfd *)’} to ‘asymbol * (*)(bfd *, void *, long unsigned int)’ {aka ‘struct bfd_symbol * (*)(struct bfd *, void *, long unsigned int)’} [-Werror=cast-function-type]
  410 |   ((asymbol *(*) (bfd *, void *, unsigned long)) bfd_nullvoidptr)
      |    ^
../../binutils-2.22-with-ajit/bfd/srec.c:1248:51: note: in expansion of macro ‘_bfd_nosymbols_bfd_make_debug_symbol’
 1248 | #define srec_bfd_make_debug_symbol                _bfd_nosymbols_bfd_make_debug_symbol
      |                                                   ^~~~~~~~~~~~~~~~~~~~~~~~~~~~~~~~~~~~
./bfd.h:6062:3: note: in expansion of macro ‘srec_bfd_make_debug_symbol’
 6062 |   NAME##_bfd_make_debug_symbol, \
      |   ^~~~
../../binutils-2.22-with-ajit/bfd/srec.c:1315:3: note: in expansion of macro ‘BFD_JUMP_TABLE_SYMBOLS’
 1315 |   BFD_JUMP_TABLE_SYMBOLS (srec),
      |   ^~~~~~~~~~~~~~~~~~~~~~
../../binutils-2.22-with-ajit/bfd/libbfd.h:424:4: error: cast between incompatible function types from ‘void * (*)(bfd *)’ {aka ‘void * (*)(struct bfd *)’} to ‘const reloc_howto_type * (*)(bfd *, bfd_reloc_code_real_type)’ {aka ‘const struct reloc_howto_struct * (*)(struct bfd *, enum bfd_reloc_code_real)’} [-Werror=cast-function-type]
  424 |   ((reloc_howto_type *(*) (bfd *, bfd_reloc_code_real_type)) bfd_nullvoidptr)
      |    ^
./bfd.h:6106:3: note: in expansion of macro ‘_bfd_norelocs_bfd_reloc_type_lookup’
 6106 |   NAME##_bfd_reloc_type_lookup, \
      |   ^~~~
../../binutils-2.22-with-ajit/bfd/srec.c:1316:3: note: in expansion of macro ‘BFD_JUMP_TABLE_RELOCS’
 1316 |   BFD_JUMP_TABLE_RELOCS (_bfd_norelocs),
      |   ^~~~~~~~~~~~~~~~~~~~~
../../binutils-2.22-with-ajit/bfd/libbfd.h:426:4: error: cast between incompatible function types from ‘void * (*)(bfd *)’ {aka ‘void * (*)(struct bfd *)’} to ‘const reloc_howto_type * (*)(bfd *, const char *)’ {aka ‘const struct reloc_howto_struct * (*)(struct bfd *, const char *)’} [-Werror=cast-function-type]
  426 |   ((reloc_howto_type *(*) (bfd *, const char *)) bfd_nullvoidptr)
      |    ^
./bfd.h:6107:3: note: in expansion of macro ‘_bfd_norelocs_bfd_reloc_name_lookup’
 6107 |   NAME##_bfd_reloc_name_lookup
      |   ^~~~
../../binutils-2.22-with-ajit/bfd/srec.c:1316:3: note: in expansion of macro ‘BFD_JUMP_TABLE_RELOCS’
 1316 |   BFD_JUMP_TABLE_RELOCS (_bfd_norelocs),
      |   ^~~~~~~~~~~~~~~~~~~~~
../../binutils-2.22-with-ajit/bfd/libbfd.h:501:4: error: cast between incompatible function types from ‘long int (*)(bfd *)’ {aka ‘long int (*)(struct bfd *)’} to ‘long int (*)(bfd *, asymbol **)’ {aka ‘long int (*)(struct bfd *, struct bfd_symbol **)’} [-Werror=cast-function-type]
  501 |   ((long (*) (bfd *, asymbol **)) _bfd_n1)
      |    ^
./bfd.h:6212:3: note: in expansion of macro ‘_bfd_nodynamic_canonicalize_dynamic_symtab’
 6212 |   NAME##_canonicalize_dynamic_symtab, \
      |   ^~~~
../../binutils-2.22-with-ajit/bfd/srec.c:1319:3: note: in expansion of macro ‘BFD_JUMP_TABLE_DYNAMIC’
 1319 |   BFD_JUMP_TABLE_DYNAMIC (_bfd_nodynamic),
      |   ^~~~~~~~~~~~~~~~~~~~~~
../../binutils-2.22-with-ajit/bfd/libbfd.h:503:4: error: cast between incompatible function types from ‘long int (*)(bfd *)’ {aka ‘long int (*)(struct bfd *)’} to ‘long int (*)(bfd *, long int,  asymbol **, long int,  asymbol **, asymbol **)’ {aka ‘long int (*)(struct bfd *, long int,  struct bfd_symbol **, long int,  struct bfd_symbol **, struct bfd_symbol **)’} [-Werror=cast-function-type]
  503 |   ((long (*) (bfd *, long, asymbol **, long, asymbol **, asymbol **)) _bfd_n1)
      |    ^
./bfd.h:6213:3: note: in expansion of macro ‘_bfd_nodynamic_get_synthetic_symtab’
 6213 |   NAME##_get_synthetic_symtab, \
      |   ^~~~
../../binutils-2.22-with-ajit/bfd/srec.c:1319:3: note: in expansion of macro ‘BFD_JUMP_TABLE_DYNAMIC’
 1319 |   BFD_JUMP_TABLE_DYNAMIC (_bfd_nodynamic),
      |   ^~~~~~~~~~~~~~~~~~~~~~
../../binutils-2.22-with-ajit/bfd/libbfd.h:506:4: error: cast between incompatible function types from ‘long int (*)(bfd *)’ {aka ‘long int (*)(struct bfd *)’} to ‘long int (*)(bfd *, arelent **, asymbol **)’ {aka ‘long int (*)(struct bfd *, struct reloc_cache_entry **, struct bfd_symbol **)’} [-Werror=cast-function-type]
  506 |   ((long (*) (bfd *, arelent **, asymbol **)) _bfd_n1)
      |    ^
./bfd.h:6215:3: note: in expansion of macro ‘_bfd_nodynamic_canonicalize_dynamic_reloc’
 6215 |   NAME##_canonicalize_dynamic_reloc
      |   ^~~~
../../binutils-2.22-with-ajit/bfd/srec.c:1319:3: note: in expansion of macro ‘BFD_JUMP_TABLE_DYNAMIC’
 1319 |   BFD_JUMP_TABLE_DYNAMIC (_bfd_nodynamic),
      |   ^~~~~~~~~~~~~~~~~~~~~~
../../binutils-2.22-with-ajit/bfd/libbfd.h:248:4: error: cast between incompatible function types from ‘bfd_boolean (*)(bfd *)’ {aka ‘int (*)(struct bfd *)’} to ‘bfd_boolean (*)(bfd *, bfd *)’ {aka ‘int (*)(struct bfd *, struct bfd *)’} [-Werror=cast-function-type]
  248 |   ((bfd_boolean (*) (bfd *, bfd *)) bfd_true)
      |    ^
./bfd.h:5969:3: note: in expansion of macro ‘_bfd_generic_bfd_copy_private_bfd_data’
 5969 |   NAME##_bfd_copy_private_bfd_data, \
      |   ^~~~
../../binutils-2.22-with-ajit/bfd/srec.c:1368:3: note: in expansion of macro ‘BFD_JUMP_TABLE_COPY’
 1368 |   BFD_JUMP_TABLE_COPY (_bfd_generic),
      |   ^~~~~~~~~~~~~~~~~~~
../../binutils-2.22-with-ajit/bfd/libbfd.h:250:4: error: cast between incompatible function types from ‘bfd_boolean (*)(bfd *)’ {aka ‘int (*)(struct bfd *)’} to ‘bfd_boolean (*)(bfd *, bfd *)’ {aka ‘int (*)(struct bfd *, struct bfd *)’} [-Werror=cast-function-type]
  250 |   ((bfd_boolean (*) (bfd *, bfd *)) bfd_true)
      |    ^
./bfd.h:5970:3: note: in expansion of macro ‘_bfd_generic_bfd_merge_private_bfd_data’
 5970 |   NAME##_bfd_merge_private_bfd_data, \
      |   ^~~~
../../binutils-2.22-with-ajit/bfd/srec.c:1368:3: note: in expansion of macro ‘BFD_JUMP_TABLE_COPY’
 1368 |   BFD_JUMP_TABLE_COPY (_bfd_generic),
      |   ^~~~~~~~~~~~~~~~~~~
../../binutils-2.22-with-ajit/bfd/libbfd.h:254:4: error: cast between incompatible function types from ‘bfd_boolean (*)(bfd *)’ {aka ‘int (*)(struct bfd *)’} to ‘bfd_boolean (*)(bfd *, asection *, bfd *, asection *)’ {aka ‘int (*)(struct bfd *, struct bfd_section *, struct bfd *, struct bfd_section *)’} [-Werror=cast-function-type]
  254 |   ((bfd_boolean (*) (bfd *, asection *, bfd *, asection *)) bfd_true)
      |    ^
./bfd.h:5972:3: note: in expansion of macro ‘_bfd_generic_bfd_copy_private_section_data’
 5972 |   NAME##_bfd_copy_private_section_data, \
      |   ^~~~
../../binutils-2.22-with-ajit/bfd/srec.c:1368:3: note: in expansion of macro ‘BFD_JUMP_TABLE_COPY’
 1368 |   BFD_JUMP_TABLE_COPY (_bfd_generic),
      |   ^~~~~~~~~~~~~~~~~~~
../../binutils-2.22-with-ajit/bfd/libbfd.h:256:4: error: cast between incompatible function types from ‘bfd_boolean (*)(bfd *)’ {aka ‘int (*)(struct bfd *)’} to ‘bfd_boolean (*)(bfd *, asymbol *, bfd *, asymbol *)’ {aka ‘int (*)(struct bfd *, struct bfd_symbol *, struct bfd *, struct bfd_symbol *)’} [-Werror=cast-function-type]
  256 |   ((bfd_boolean (*) (bfd *, asymbol *, bfd *, asymbol *)) bfd_true)
      |    ^
./bfd.h:5973:3: note: in expansion of macro ‘_bfd_generic_bfd_copy_private_symbol_data’
 5973 |   NAME##_bfd_copy_private_symbol_data, \
      |   ^~~~
../../binutils-2.22-with-ajit/bfd/srec.c:1368:3: note: in expansion of macro ‘BFD_JUMP_TABLE_COPY’
 1368 |   BFD_JUMP_TABLE_COPY (_bfd_generic),
      |   ^~~~~~~~~~~~~~~~~~~
../../binutils-2.22-with-ajit/bfd/libbfd.h:258:4: error: cast between incompatible function types from ‘bfd_boolean (*)(bfd *)’ {aka ‘int (*)(struct bfd *)’} to ‘bfd_boolean (*)(bfd *, bfd *)’ {aka ‘int (*)(struct bfd *, struct bfd *)’} [-Werror=cast-function-type]
  258 |   ((bfd_boolean (*) (bfd *, bfd *)) bfd_true)
      |    ^
./bfd.h:5974:3: note: in expansion of macro ‘_bfd_generic_bfd_copy_private_header_data’
 5974 |   NAME##_bfd_copy_private_header_data, \
      |   ^~~~
../../binutils-2.22-with-ajit/bfd/srec.c:1368:3: note: in expansion of macro ‘BFD_JUMP_TABLE_COPY’
 1368 |   BFD_JUMP_TABLE_COPY (_bfd_generic),
      |   ^~~~~~~~~~~~~~~~~~~
../../binutils-2.22-with-ajit/bfd/libbfd.h:252:4: error: cast between incompatible function types from ‘bfd_boolean (*)(bfd *)’ {aka ‘int (*)(struct bfd *)’} to ‘bfd_boolean (*)(bfd *, flagword)’ {aka ‘int (*)(struct bfd *, unsigned int)’} [-Werror=cast-function-type]
  252 |   ((bfd_boolean (*) (bfd *, flagword)) bfd_true)
      |    ^
./bfd.h:5975:3: note: in expansion of macro ‘_bfd_generic_bfd_set_private_flags’
 5975 |   NAME##_bfd_set_private_flags, \
      |   ^~~~
../../binutils-2.22-with-ajit/bfd/srec.c:1368:3: note: in expansion of macro ‘BFD_JUMP_TABLE_COPY’
 1368 |   BFD_JUMP_TABLE_COPY (_bfd_generic),
      |   ^~~~~~~~~~~~~~~~~~~
../../binutils-2.22-with-ajit/bfd/libbfd.h:260:4: error: cast between incompatible function types from ‘bfd_boolean (*)(bfd *)’ {aka ‘int (*)(struct bfd *)’} to ‘bfd_boolean (*)(bfd *, void *)’ {aka ‘int (*)(struct bfd *, void *)’} [-Werror=cast-function-type]
  260 |   ((bfd_boolean (*) (bfd *, void *)) bfd_true)
      |    ^
./bfd.h:5976:3: note: in expansion of macro ‘_bfd_generic_bfd_print_private_bfd_data’
 5976 |   NAME##_bfd_print_private_bfd_data
      |   ^~~~
../../binutils-2.22-with-ajit/bfd/srec.c:1368:3: note: in expansion of macro ‘BFD_JUMP_TABLE_COPY’
 1368 |   BFD_JUMP_TABLE_COPY (_bfd_generic),
      |   ^~~~~~~~~~~~~~~~~~~
../../binutils-2.22-with-ajit/bfd/libbfd.h:283:4: error: cast between incompatible function types from ‘bfd_boolean (*)(bfd *)’ {aka ‘int (*)(struct bfd *)’} to ‘bfd_boolean (*)(bfd *, char **, bfd_size_type *, const char **)’ {aka ‘int (*)(struct bfd *, char **, long unsigned int *, const char **)’} [-Werror=cast-function-type]
  283 |   ((bfd_boolean (*) (bfd *, char **, bfd_size_type *, const char **)) \
      |    ^
./bfd.h:6024:3: note: in expansion of macro ‘_bfd_noarchive_construct_extended_name_table’
 6024 |   NAME##_construct_extended_name_table, \
      |   ^~~~
../../binutils-2.22-with-ajit/bfd/srec.c:1370:3: note: in expansion of macro ‘BFD_JUMP_TABLE_ARCHIVE’
 1370 |   BFD_JUMP_TABLE_ARCHIVE (_bfd_noarchive),
      |   ^~~~~~~~~~~~~~~~~~~~~~
../../binutils-2.22-with-ajit/bfd/libbfd.h:286:4: error: cast between incompatible function types from ‘void (*)(bfd *)’ {aka ‘void (*)(struct bfd *)’} to ‘void (*)(bfd *, const char *, char *)’ {aka ‘void (*)(struct bfd *, const char *, char *)’} [-Werror=cast-function-type]
  286 |   ((void (*) (bfd *, const char *, char *)) bfd_void)
      |    ^
./bfd.h:6025:3: note: in expansion of macro ‘_bfd_noarchive_truncate_arname’
 6025 |   NAME##_truncate_arname, \
      |   ^~~~
../../binutils-2.22-with-ajit/bfd/srec.c:1370:3: note: in expansion of macro ‘BFD_JUMP_TABLE_ARCHIVE’
 1370 |   BFD_JUMP_TABLE_ARCHIVE (_bfd_noarchive),
      |   ^~~~~~~~~~~~~~~~~~~~~~
../../binutils-2.22-with-ajit/bfd/libbfd.h:288:4: error: cast between incompatible function types from ‘bfd_boolean (*)(bfd *)’ {aka ‘int (*)(struct bfd *)’} to ‘bfd_boolean (*)(bfd *, unsigned int,  struct orl *, unsigned int,  int)’ {aka ‘int (*)(struct bfd *, unsigned int,  struct orl *, unsigned int,  int)’} [-Werror=cast-function-type]
  288 |   ((bfd_boolean (*) (bfd *, unsigned int, struct orl *, unsigned int, int)) \
      |    ^
./bfd.h:6026:3: note: in expansion of macro ‘_bfd_noarchive_write_armap’
 6026 |   NAME##_write_armap, \
      |   ^~~~
../../binutils-2.22-with-ajit/bfd/srec.c:1370:3: note: in expansion of macro ‘BFD_JUMP_TABLE_ARCHIVE’
 1370 |   BFD_JUMP_TABLE_ARCHIVE (_bfd_noarchive),
      |   ^~~~~~~~~~~~~~~~~~~~~~
../../binutils-2.22-with-ajit/bfd/libbfd.h:292:4: error: cast between incompatible function types from ‘bfd_boolean (*)(bfd *)’ {aka ‘int (*)(struct bfd *)’} to ‘bfd_boolean (*)(bfd *, bfd *)’ {aka ‘int (*)(struct bfd *, struct bfd *)’} [-Werror=cast-function-type]
  292 |   ((bfd_boolean (*) (bfd *, bfd *)) bfd_false)
      |    ^
./bfd.h:6028:3: note: in expansion of macro ‘_bfd_noarchive_write_ar_hdr’
 6028 |   NAME##_write_ar_hdr, \
      |   ^~~~
../../binutils-2.22-with-ajit/bfd/srec.c:1370:3: note: in expansion of macro ‘BFD_JUMP_TABLE_ARCHIVE’
 1370 |   BFD_JUMP_TABLE_ARCHIVE (_bfd_noarchive),
      |   ^~~~~~~~~~~~~~~~~~~~~~
../../binutils-2.22-with-ajit/bfd/libbfd.h:294:4: error: cast between incompatible function types from ‘void * (*)(bfd *)’ {aka ‘void * (*)(struct bfd *)’} to ‘bfd * (*)(bfd *, bfd *)’ {aka ‘struct bfd * (*)(struct bfd *, struct bfd *)’} [-Werror=cast-function-type]
  294 |   ((bfd *(*) (bfd *, bfd *)) bfd_nullvoidptr)
      |    ^
./bfd.h:6029:3: note: in expansion of macro ‘_bfd_noarchive_openr_next_archived_file’
 6029 |   NAME##_openr_next_archived_file, \
      |   ^~~~
../../binutils-2.22-with-ajit/bfd/srec.c:1370:3: note: in expansion of macro ‘BFD_JUMP_TABLE_ARCHIVE’
 1370 |   BFD_JUMP_TABLE_ARCHIVE (_bfd_noarchive),
      |   ^~~~~~~~~~~~~~~~~~~~~~
../../binutils-2.22-with-ajit/bfd/libbfd.h:296:4: error: cast between incompatible function types from ‘void * (*)(bfd *)’ {aka ‘void * (*)(struct bfd *)’} to ‘bfd * (*)(bfd *, symindex)’ {aka ‘struct bfd * (*)(struct bfd *, long unsigned int)’} [-Werror=cast-function-type]
  296 |   ((bfd *(*) (bfd *, symindex)) bfd_nullvoidptr)
      |    ^
./bfd.h:6030:3: note: in expansion of macro ‘_bfd_noarchive_get_elt_at_index’
 6030 |   NAME##_get_elt_at_index, \
      |   ^~~~
../../binutils-2.22-with-ajit/bfd/srec.c:1370:3: note: in expansion of macro ‘BFD_JUMP_TABLE_ARCHIVE’
 1370 |   BFD_JUMP_TABLE_ARCHIVE (_bfd_noarchive),
      |   ^~~~~~~~~~~~~~~~~~~~~~
../../binutils-2.22-with-ajit/bfd/srec.c:1242:52: error: cast between incompatible function types from ‘bfd_boolean (*)(bfd *)’ {aka ‘int (*)(struct bfd *)’} to ‘bfd_boolean (*)(bfd *, asymbol *)’ {aka ‘int (*)(struct bfd *, struct bfd_symbol *)’} [-Werror=cast-function-type]
 1242 | #define srec_bfd_is_target_special_symbol         ((bfd_boolean (*) (bfd *, asymbol *)) bfd_false)
      |                                                    ^
./bfd.h:6057:3: note: in expansion of macro ‘srec_bfd_is_target_special_symbol’
 6057 |   NAME##_bfd_is_target_special_symbol, \
      |   ^~~~
../../binutils-2.22-with-ajit/bfd/srec.c:1371:3: note: in expansion of macro ‘BFD_JUMP_TABLE_SYMBOLS’
 1371 |   BFD_JUMP_TABLE_SYMBOLS (srec),
      |   ^~~~~~~~~~~~~~~~~~~~~~
In file included from ../../binutils-2.22-with-ajit/bfd/srec.c:108:
../../binutils-2.22-with-ajit/bfd/libbfd.h:401:4: error: cast between incompatible function types from ‘void * (*)(bfd *)’ {aka ‘void * (*)(struct bfd *)’} to ‘alent * (*)(bfd *, asymbol *)’ {aka ‘struct lineno_cache_entry * (*)(struct bfd *, struct bfd_symbol *)’} [-Werror=cast-function-type]
  401 |   ((alent *(*) (bfd *, asymbol *)) bfd_nullvoidptr)
      |    ^
../../binutils-2.22-with-ajit/bfd/srec.c:1244:51: note: in expansion of macro ‘_bfd_nosymbols_get_lineno’
 1244 | #define srec_get_lineno                           _bfd_nosymbols_get_lineno
      |                                                   ^~~~~~~~~~~~~~~~~~~~~~~~~
./bfd.h:6058:3: note: in expansion of macro ‘srec_get_lineno’
 6058 |   NAME##_get_lineno, \
      |   ^~~~
../../binutils-2.22-with-ajit/bfd/srec.c:1371:3: note: in expansion of macro ‘BFD_JUMP_TABLE_SYMBOLS’
 1371 |   BFD_JUMP_TABLE_SYMBOLS (srec),
      |   ^~~~~~~~~~~~~~~~~~~~~~
../../binutils-2.22-with-ajit/bfd/libbfd.h:403:4: error: cast between incompatible function types from ‘bfd_boolean (*)(bfd *)’ {aka ‘int (*)(struct bfd *)’} to ‘bfd_boolean (*)(bfd *, asection *, asymbol **, bfd_vma,  const char **, const char **, unsigned int *)’ {aka ‘int (*)(struct bfd *, struct bfd_section *, struct bfd_symbol **, long unsigned int,  const char **, const char **, unsigned int *)’} [-Werror=cast-function-type]
  403 |   ((bfd_boolean (*) (bfd *, asection *, asymbol **, bfd_vma, const char **, \
      |    ^
../../binutils-2.22-with-ajit/bfd/srec.c:1245:51: note: in expansion of macro ‘_bfd_nosymbols_find_nearest_line’
 1245 | #define srec_find_nearest_line                    _bfd_nosymbols_find_nearest_line
      |                                                   ^~~~~~~~~~~~~~~~~~~~~~~~~~~~~~~~
./bfd.h:6059:3: note: in expansion of macro ‘srec_find_nearest_line’
 6059 |   NAME##_find_nearest_line, \
      |   ^~~~
../../binutils-2.22-with-ajit/bfd/srec.c:1371:3: note: in expansion of macro ‘BFD_JUMP_TABLE_SYMBOLS’
 1371 |   BFD_JUMP_TABLE_SYMBOLS (srec),
      |   ^~~~~~~~~~~~~~~~~~~~~~
../../binutils-2.22-with-ajit/bfd/libbfd.h:407:4: error: cast between incompatible function types from ‘bfd_boolean (*)(bfd *)’ {aka ‘int (*)(struct bfd *)’} to ‘bfd_boolean (*)(bfd *, const char **, const char **, unsigned int *)’ {aka ‘int (*)(struct bfd *, const char **, const char **, unsigned int *)’} [-Werror=cast-function-type]
  407 |   ((bfd_boolean (*) (bfd *, const char **, const char **, unsigned int *)) \
      |    ^
../../binutils-2.22-with-ajit/bfd/srec.c:1246:51: note: in expansion of macro ‘_bfd_nosymbols_find_inliner_info’
 1246 | #define srec_find_inliner_info                    _bfd_nosymbols_find_inliner_info
      |                                                   ^~~~~~~~~~~~~~~~~~~~~~~~~~~~~~~~
./bfd.h:6061:3: note: in expansion of macro ‘srec_find_inliner_info’
 6061 |   NAME##_find_inliner_info, \
      |   ^~~~
../../binutils-2.22-with-ajit/bfd/srec.c:1371:3: note: in expansion of macro ‘BFD_JUMP_TABLE_SYMBOLS’
 1371 |   BFD_JUMP_TABLE_SYMBOLS (srec),
      |   ^~~~~~~~~~~~~~~~~~~~~~
../../binutils-2.22-with-ajit/bfd/libbfd.h:410:4: error: cast between incompatible function types from ‘void * (*)(bfd *)’ {aka ‘void * (*)(struct bfd *)’} to ‘asymbol * (*)(bfd *, void *, long unsigned int)’ {aka ‘struct bfd_symbol * (*)(struct bfd *, void *, long unsigned int)’} [-Werror=cast-function-type]
  410 |   ((asymbol *(*) (bfd *, void *, unsigned long)) bfd_nullvoidptr)
      |    ^
../../binutils-2.22-with-ajit/bfd/srec.c:1248:51: note: in expansion of macro ‘_bfd_nosymbols_bfd_make_debug_symbol’
 1248 | #define srec_bfd_make_debug_symbol                _bfd_nosymbols_bfd_make_debug_symbol
      |                                                   ^~~~~~~~~~~~~~~~~~~~~~~~~~~~~~~~~~~~
./bfd.h:6062:3: note: in expansion of macro ‘srec_bfd_make_debug_symbol’
 6062 |   NAME##_bfd_make_debug_symbol, \
      |   ^~~~
../../binutils-2.22-with-ajit/bfd/srec.c:1371:3: note: in expansion of macro ‘BFD_JUMP_TABLE_SYMBOLS’
 1371 |   BFD_JUMP_TABLE_SYMBOLS (srec),
      |   ^~~~~~~~~~~~~~~~~~~~~~
../../binutils-2.22-with-ajit/bfd/libbfd.h:424:4: error: cast between incompatible function types from ‘void * (*)(bfd *)’ {aka ‘void * (*)(struct bfd *)’} to ‘const reloc_howto_type * (*)(bfd *, bfd_reloc_code_real_type)’ {aka ‘const struct reloc_howto_struct * (*)(struct bfd *, enum bfd_reloc_code_real)’} [-Werror=cast-function-type]
  424 |   ((reloc_howto_type *(*) (bfd *, bfd_reloc_code_real_type)) bfd_nullvoidptr)
      |    ^
./bfd.h:6106:3: note: in expansion of macro ‘_bfd_norelocs_bfd_reloc_type_lookup’
 6106 |   NAME##_bfd_reloc_type_lookup, \
      |   ^~~~
../../binutils-2.22-with-ajit/bfd/srec.c:1372:3: note: in expansion of macro ‘BFD_JUMP_TABLE_RELOCS’
 1372 |   BFD_JUMP_TABLE_RELOCS (_bfd_norelocs),
      |   ^~~~~~~~~~~~~~~~~~~~~
../../binutils-2.22-with-ajit/bfd/libbfd.h:426:4: error: cast between incompatible function types from ‘void * (*)(bfd *)’ {aka ‘void * (*)(struct bfd *)’} to ‘const reloc_howto_type * (*)(bfd *, const char *)’ {aka ‘const struct reloc_howto_struct * (*)(struct bfd *, const char *)’} [-Werror=cast-function-type]
  426 |   ((reloc_howto_type *(*) (bfd *, const char *)) bfd_nullvoidptr)
      |    ^
./bfd.h:6107:3: note: in expansion of macro ‘_bfd_norelocs_bfd_reloc_name_lookup’
 6107 |   NAME##_bfd_reloc_name_lookup
      |   ^~~~
../../binutils-2.22-with-ajit/bfd/srec.c:1372:3: note: in expansion of macro ‘BFD_JUMP_TABLE_RELOCS’
 1372 |   BFD_JUMP_TABLE_RELOCS (_bfd_norelocs),
      |   ^~~~~~~~~~~~~~~~~~~~~
../../binutils-2.22-with-ajit/bfd/libbfd.h:501:4: error: cast between incompatible function types from ‘long int (*)(bfd *)’ {aka ‘long int (*)(struct bfd *)’} to ‘long int (*)(bfd *, asymbol **)’ {aka ‘long int (*)(struct bfd *, struct bfd_symbol **)’} [-Werror=cast-function-type]
  501 |   ((long (*) (bfd *, asymbol **)) _bfd_n1)
      |    ^
./bfd.h:6212:3: note: in expansion of macro ‘_bfd_nodynamic_canonicalize_dynamic_symtab’
 6212 |   NAME##_canonicalize_dynamic_symtab, \
      |   ^~~~
../../binutils-2.22-with-ajit/bfd/srec.c:1375:3: note: in expansion of macro ‘BFD_JUMP_TABLE_DYNAMIC’
 1375 |   BFD_JUMP_TABLE_DYNAMIC (_bfd_nodynamic),
      |   ^~~~~~~~~~~~~~~~~~~~~~
../../binutils-2.22-with-ajit/bfd/libbfd.h:503:4: error: cast between incompatible function types from ‘long int (*)(bfd *)’ {aka ‘long int (*)(struct bfd *)’} to ‘long int (*)(bfd *, long int,  asymbol **, long int,  asymbol **, asymbol **)’ {aka ‘long int (*)(struct bfd *, long int,  struct bfd_symbol **, long int,  struct bfd_symbol **, struct bfd_symbol **)’} [-Werror=cast-function-type]
  503 |   ((long (*) (bfd *, long, asymbol **, long, asymbol **, asymbol **)) _bfd_n1)
      |    ^
./bfd.h:6213:3: note: in expansion of macro ‘_bfd_nodynamic_get_synthetic_symtab’
 6213 |   NAME##_get_synthetic_symtab, \
      |   ^~~~
../../binutils-2.22-with-ajit/bfd/srec.c:1375:3: note: in expansion of macro ‘BFD_JUMP_TABLE_DYNAMIC’
 1375 |   BFD_JUMP_TABLE_DYNAMIC (_bfd_nodynamic),
      |   ^~~~~~~~~~~~~~~~~~~~~~
../../binutils-2.22-with-ajit/bfd/libbfd.h:506:4: error: cast between incompatible function types from ‘long int (*)(bfd *)’ {aka ‘long int (*)(struct bfd *)’} to ‘long int (*)(bfd *, arelent **, asymbol **)’ {aka ‘long int (*)(struct bfd *, struct reloc_cache_entry **, struct bfd_symbol **)’} [-Werror=cast-function-type]
  506 |   ((long (*) (bfd *, arelent **, asymbol **)) _bfd_n1)
      |    ^
./bfd.h:6215:3: note: in expansion of macro ‘_bfd_nodynamic_canonicalize_dynamic_reloc’
 6215 |   NAME##_canonicalize_dynamic_reloc
      |   ^~~~
../../binutils-2.22-with-ajit/bfd/srec.c:1375:3: note: in expansion of macro ‘BFD_JUMP_TABLE_DYNAMIC’
 1375 |   BFD_JUMP_TABLE_DYNAMIC (_bfd_nodynamic),
      |   ^~~~~~~~~~~~~~~~~~~~~~
../../binutils-2.22-with-ajit/bfd/srec.c: In function ‘srec_bad_byte’:
../../binutils-2.22-with-ajit/bfd/srec.c:254:19: error: ‘%03o’ directive writing between 3 and 11 bytes into a region of size 9 [-Werror=format-overflow=]
  254 |  sprintf (buf, "\\%03o", (unsigned int) c);
      |                   ^~~~
../../binutils-2.22-with-ajit/bfd/srec.c:254:16: note: directive argument in the range [0, 4294967294]
  254 |  sprintf (buf, "\\%03o", (unsigned int) c);
      |                ^~~~~~~~
In file included from /usr/include/stdio.h:867,
                 from ../../binutils-2.22-with-ajit/bfd/sysdep.h:34,
                 from ../../binutils-2.22-with-ajit/bfd/srec.c:106:
/usr/include/x86_64-linux-gnu/bits/stdio2.h:36:10: note: ‘__builtin___sprintf_chk’ output between 5 and 13 bytes into a destination of size 10
   36 |   return __builtin___sprintf_chk (__s, __USE_FORTIFY_LEVEL - 1,
      |          ^~~~~~~~~~~~~~~~~~~~~~~~~~~~~~~~~~~~~~~~~~~~~~~~~~~~~~
   37 |       __bos (__s), __fmt, __va_arg_pack ());
      |       ~~~~~~~~~~~~~~~~~~~~~~~~~~~~~~~~~~~~~
cc1: all warnings being treated as errors
make[4]: *** [Makefile:1537: srec.lo] Error 1
make[3]: *** [Makefile:1579: all-recursive] Error 1
make[2]: *** [Makefile:1082: all] Error 2
make[1]: *** [Makefile:2507: all-bfd] Error 2
make: *** [Makefile:840: all] Error 2
