NAME       : PATTERN
             31 28  24  20  16  12  8   4   0
             |--|---|---|---|---|---|---|---|
LDSB       : 11--rd-001001-rs1-0--asi----rs2-
LDSB       : 11--rd-001001-rs1-1----simm13---
LDSH       : 11--rd-001010-rs1-0--asi----rs2-
LDSH       : 11--rd-001010-rs1-1----simm13---
LDUB       : 11--rd-000001-rs1-0--asi----rs2-
LDUB       : 11--rd-000001-rs1-1----simm13---
LDUH       : 11--rd-000010-rs1-0--asi----rs2-
LDUH       : 11--rd-000010-rs1-1----simm13---
LD         : 11--rd-000000-rs1-0--asi----rs2-
LD         : 11--rd-000000-rs1-1----simm13---
LDD        : 11--rd-000011-rs1-0--asi----rs2-
LDD        : 11--rd-000011-rs1-1----simm13---
LDSBA†     : 11--rd-011001-rs1-0--asi----rs2-
LDSBA†     : 11--rd-011001-rs1-1----simm13---
LDSHA†     : 11--rd-011010-rs1-0--asi----rs2-
LDSHA†     : 11--rd-011010-rs1-1----simm13---
             31 28  24  20  16  12  8   4   0
             |--|---|---|---|---|---|---|---|
LDUBA†     : 11--rd-010001-rs1-0--asi----rs2-
LDUBA†     : 11--rd-010001-rs1-1----simm13---
LDUHA†     : 11--rd-010010-rs1-0--asi----rs2-
LDUHA†     : 11--rd-010010-rs1-1----simm13---
LDA†       : 11--rd-010000-rs1-0--asi----rs2-
LDA†       : 11--rd-010000-rs1-1----simm13---
LDDA†      : 11--rd-010011-rs1-0--asi----rs2-
LDDA†      : 11--rd-010011-rs1-1----simm13---
LDF        : 11--rd-100000-rs1-0---0-----rs2-
LDF        : 11--rd-100000-rs1-1----simm13---
LDDF       : 11--rd-100011-rs1-0---0-----rs2-
LDDF       : 11--rd-100011-rs1-1----simm13---
LDFSR      : 11--rd-100001-rs1-0---0-----rs2-
LDFSR      : 11--rd-100001-rs1-1----simm13---
LDC        : 11--rd-110000-rs1-0---0-----rs2-
LDC        : 11--rd-110000-rs1-1----simm13---
             31 28  24  20  16  12  8   4   0
             |--|---|---|---|---|---|---|---|
LDDC       : 11--rd-110011-rs1-0---0-----rs2-
LDDC       : 11--rd-110011-rs1-1----simm13---
LDCSR      : 11--rd-110001-rs1-0---0-----rs2-
LDCSR      : 11--rd-110001-rs1-1----simm13---
STB        : 11--rd-000101-rs1-0---0-----rs2-
STB        : 11--rd-000101-rs1-1----simm13---
STH        : 11--rd-000110-rs1-0---0-----rs2-
STH        : 11--rd-000110-rs1-1----simm13---
ST         : 11--rd-000100-rs1-0---0-----rs2-
ST         : 11--rd-000100-rs1-1----simm13---
STD        : 11--rd-000111-rs1-0---0-----rs2-
STD        : 11--rd-000111-rs1-1----simm13---
STBA†      : 11--rd-010101-rs1-0---0-----rs2-
STBA†      : 11--rd-010101-rs1-1----simm13---
STHA†      : 11--rd-010110-rs1-0---0-----rs2-
STHA†      : 11--rd-010110-rs1-1----simm13---
             31 28  24  20  16  12  8   4   0
             |--|---|---|---|---|---|---|---|
STA†       : 11--rd-010100-rs1-0---0-----rs2-
STA†       : 11--rd-010100-rs1-1----simm13---
STDA†      : 11--rd-010111-rs1-0---0-----rs2-
STDA†      : 11--rd-010111-rs1-1----simm13---
STF        : 11--rd-100100-rs1-0---0-----rs2-
STF        : 11--rd-100100-rs1-1----simm13---
STDF       : 11--rd-100111-rs1-0---0-----rs2-
STDF       : 11--rd-100111-rs1-1----simm13---
STFSR      : 11--rd-100101-rs1-0---0-----rs2-
STFSR      : 11--rd-100101-rs1-1----simm13---
STDFQ†     : 11--rd-100110-rs1-0---0-----rs2-
STDFQ†     : 11--rd-100110-rs1-1----simm13---
STC        : 11--rd-110100-rs1-0---0-----rs2-
STC        : 11--rd-110100-rs1-1----simm13---
STDC       : 11--rd-110111-rs1-0---0-----rs2-
STDC       : 11--rd-110111-rs1-1----simm13---
             31 28  24  20  16  12  8   4   0
             |--|---|---|---|---|---|---|---|
STCSR      : 11--rd-110101-rs1-0---0-----rs2-
STCSR      : 11--rd-110101-rs1-1----simm13---
STDCQ†     : 11--rd-110110-rs1-0---0-----rs2-
STDCQ†     : 11--rd-110110-rs1-1----simm13---
LDSTUB     : 11--rd-001101-rs1-0--asi----rs2-
LDSTUB     : 11--rd-001101-rs1-1----simm13---
LDSTUBA†   : 11--rd-011101-rs1-0--asi----rs2-
LDSTUBA†   : 11--rd-011101-rs1-1----simm13---
SWAP       : 11--rd-001111-rs1-0--asi----rs2-
SWAP       : 11--rd-001111-rs1-1----simm13---
SWAPA†     : 11--rd-011111-rs1-0--asi----rs2-
SWAPA†     : 11--rd-011111-rs1-1----simm13---
SETHI      : 0---rd-100--------imm22---------
NOP        : 0---0--100----------0-----------
AND        : 10--rd-000001-rs1-0---0-----rs2-
AND        : 10--rd-000001-rs1-1----simm13---
             31 28  24  20  16  12  8   4   0
             |--|---|---|---|---|---|---|---|
ANDcc      : 10--rd-010001-rs1-0---0-----rs2-
ANDcc      : 10--rd-010001-rs1-1----simm13---
ANDN       : 10--rd-000101-rs1-0---0-----rs2-
ANDN       : 10--rd-000101-rs1-1----simm13---
ANDNcc     : 10--rd-010101-rs1-0---0-----rs2-
ANDNcc     : 10--rd-010101-rs1-1----simm13---
OR         : 10--rd-000010-rs1-0---0-----rs2-
OR         : 10--rd-000010-rs1-1----simm13---
ORcc       : 10--rd-010010-rs1-0---0-----rs2-
ORcc       : 10--rd-010010-rs1-1----simm13---
ORN        : 10--rd-000110-rs1-0---0-----rs2-
ORN        : 10--rd-000110-rs1-1----simm13---
ORNcc      : 10--rd-010110-rs1-0---0-----rs2-
ORNcc      : 10--rd-010110-rs1-1----simm13---
XOR        : 10--rd-000011-rs1-0---0-----rs2-
XOR        : 10--rd-000011-rs1-1----simm13---
             31 28  24  20  16  12  8   4   0
             |--|---|---|---|---|---|---|---|
XORcc      : 10--rd-010011-rs1-0---0-----rs2-
XORcc      : 10--rd-010011-rs1-1----simm13---
XNOR       : 10--rd-000111-rs1-0---0-----rs2-
XNOR       : 10--rd-000111-rs1-1----simm13---
XNORcc     : 10--rd-010111-rs1-0---0-----rs2-
XNORcc     : 10--rd-010111-rs1-1----simm13---
SLL        : 10--rd-100101-rs1-0---0-----rs2-
SLL        : 10--rd-100101-rs1-1---0------SC-
SRL        : 10--rd-100110-rs1-0---0-----rs2-
SRL        : 10--rd-100110-rs1-1---0------SC-
SRA        : 10--rd-100111-rs1-0---0-----rs2-
SRA        : 10--rd-100111-rs1-1---0------SC-
ADD        : 10--rd-000000-rs1-0---0-----rs2-
ADD        : 10--rd-000000-rs1-1----simm13---
ADDcc      : 10--rd-010000-rs1-0---0-----rs2-
ADDcc      : 10--rd-010000-rs1-1----simm13---
             31 28  24  20  16  12  8   4   0
             |--|---|---|---|---|---|---|---|
ADDX       : 10--rd-001000-rs1-0---0-----rs2-
ADDX       : 10--rd-001000-rs1-1----simm13---
ADDXcc     : 10--rd-011000-rs1-0---0-----rs2-
ADDXcc     : 10--rd-011000-rs1-1----simm13---
TADDcc     : 10--rd-100000-rs1-0---0-----rs2-
TADDcc     : 10--rd-100000-rs1-1----simm13---
TADDccTV   : 10--rd-100010-rs1-0---0-----rs2-
TADDccTV   : 10--rd-100010-rs1-1----simm13---
SUB        : 10--rd-000100-rs1-0---0-----rs2-
SUB        : 10--rd-000100-rs1-1----simm13---
SUBcc      : 10--rd-010100-rs1-0---0-----rs2-
SUBcc      : 10--rd-010100-rs1-1----simm13---
SUBX       : 10--rd-001100-rs1-0---0-----rs2-
SUBX       : 10--rd-001100-rs1-1----simm13---
SUBXcc     : 10--rd-011100-rs1-0---0-----rs2-
SUBXcc     : 10--rd-011100-rs1-1----simm13---
             31 28  24  20  16  12  8   4   0
             |--|---|---|---|---|---|---|---|
TSUBcc     : 10--rd-100001-rs1-0---0-----rs2-
TSUBcc     : 10--rd-100001-rs1-1----simm13---
TSUBccTV   : 10--rd-100011-rs1-0---0-----rs2-
TSUBccTV   : 10--rd-100011-rs1-1----simm13---
MULScc     : 10--rd-100100-rs1-0---0-----rs2-
MULScc     : 10--rd-100100-rs1-1----simm13---
UMUL       : 10--rd-001010-rs1-0---0-----rs2-
UMUL       : 10--rd-001010-rs1-1----simm13---
SMUL       : 10--rd-001011-rs1-0---0-----rs2-
SMUL       : 10--rd-001011-rs1-1----simm13---
UMULcc     : 10--rd-011010-rs1-0---0-----rs2-
UMULcc     : 10--rd-011010-rs1-1----simm13---
SMULcc     : 10--rd-011011-rs1-0---0-----rs2-
SMULcc     : 10--rd-011011-rs1-1----simm13---
UDIV       : 10--rd-001110-rs1-0---0-----rs2-
UDIV       : 10--rd-001110-rs1-1----simm13---
             31 28  24  20  16  12  8   4   0
             |--|---|---|---|---|---|---|---|
SDIV       : 10--rd-001111-rs1-0---0-----rs2-
SDIV       : 10--rd-001111-rs1-1----simm13---
UDIVcc     : 10--rd-011110-rs1-0---0-----rs2-
UDIVcc     : 10--rd-011110-rs1-1----simm13---
SDIVcc     : 10--rd-011111-rs1-0---0-----rs2-
SDIVcc     : 10--rd-011111-rs1-1----simm13---
SAVE       : 10--rd-111100-rs1-0---0-----rs2-
SAVE       : 10--rd-111100-rs1-1----simm13---
RESTORE    : 10--rd-111101-rs1-0---0-----rs2-
RESTORE    : 10--rd-111101-rs1-1----simm13---
BA         : 0-a1000-10--------disp22--------
BN         : 0-a0000-10--------disp22--------
BNE        : 0-a1001-10--------disp22--------
BE         : 0-a0001-10--------disp22--------
BG         : 0-a1010-10--------disp22--------
BLE        : 0-a0010-10--------disp22--------
             31 28  24  20  16  12  8   4   0
             |--|---|---|---|---|---|---|---|
BGE        : 0-a1011-10--------disp22--------
BL         : 0-a0011-10--------disp22--------
BGU        : 0-a1100-10--------disp22--------
BLEU       : 0-a0100-10--------disp22--------
BCC        : 0-a1101-10--------disp22--------
BCS        : 0-a0101-10--------disp22--------
BPOS       : 0-a1110-10--------disp22--------
BNEG       : 0-a0110-10--------disp22--------
BVC        : 0-a1111-10--------disp22--------
BVS        : 0-a0111-10--------disp22--------
FBA        : 0-a1000110--------disp22--------
FBN        : 0-a0000110--------disp22--------
FBU        : 0-a0111110--------disp22--------
FBG        : 0-a0110110--------disp22--------
FBUG       : 0-a0101110--------disp22--------
FBL        : 0-a0100110--------disp22--------
             31 28  24  20  16  12  8   4   0
             |--|---|---|---|---|---|---|---|
FBUL       : 0-a0011110--------disp22--------
FBLG       : 0-a0010110--------disp22--------
FBNE       : 0-a0001110--------disp22--------
FBE        : 0-a1001110--------disp22--------
FBUE       : 0-a1010110--------disp22--------
FBGE       : 0-a1011110--------disp22--------
FBUGE      : 0-a1100110--------disp22--------
FBLE       : 0-a1101110--------disp22--------
FBULE      : 0-a1110110--------disp22--------
FBO        : 0-a1111110--------disp22--------
CBA        : 0-a1000111--------disp22--------
CBN        : 0-a0000111--------disp22--------
CB3        : 0-a0111111--------disp22--------
CB2        : 0-a0110111--------disp22--------
CB23       : 0-a0101111--------disp22--------
CB1        : 0-a0100111--------disp22--------
             31 28  24  20  16  12  8   4   0
             |--|---|---|---|---|---|---|---|
CB13       : 0-a0011111--------disp22--------
CB12       : 0-a0010111--------disp22--------
CB123      : 0-a0001111--------disp22--------
CB0        : 0-a1001111--------disp22--------
CB03       : 0-a1010111--------disp22--------
CB02       : 0-a1011111--------disp22--------
CB023      : 0-a1100111--------disp22--------
CB01       : 0-a1101111--------disp22--------
CB013      : 0-a1110111--------disp22--------
CB012      : 0-a1111111--------disp22--------
CALL       : 1-------------disp30------------
JMPL       : 10--rd-111000-rs1-0---0-----rs2-
JMPL       : 10--rd-111000-rs1-1----simm13---
RETT       : 10--U--111001-rs1-0---0-----rs2-
RETT       : 10--U--111001-rs1-1----simm13---
TA         : 10R1000111010-rs1-0---0-----rs2-
             31 28  24  20  16  12  8   4   0
             |--|---|---|---|---|---|---|---|
TA         : 10R1000111010-rs1-1--0-----imm7-
TN         : 10R0000111010-rs1-0---0-----rs2-
TN         : 10R0000111010-rs1-1--0-----imm7-
TNE        : 10R1001111010-rs1-0---0-----rs2-
TNE        : 10R1001111010-rs1-1--0-----imm7-
TE         : 10R0001111010-rs1-0---0-----rs2-
TE         : 10R0001111010-rs1-1--0-----imm7-
TG         : 10R1010111010-rs1-0---0-----rs2-
TG         : 10R1010111010-rs1-1--0-----imm7-
TLE        : 10R0010111010-rs1-0---0-----rs2-
TLE        : 10R0010111010-rs1-1--0-----imm7-
TGE        : 10R1011111010-rs1-0---0-----rs2-
TGE        : 10R1011111010-rs1-1--0-----imm7-
TL         : 10R0011111010-rs1-0---0-----rs2-
TL         : 10R0011111010-rs1-1--0-----imm7-
TGU        : 10R1100111010-rs1-0---0-----rs2-
             31 28  24  20  16  12  8   4   0
             |--|---|---|---|---|---|---|---|
TGU        : 10R1100111010-rs1-1--0-----imm7-
TLEU       : 10R0100111010-rs1-0---0-----rs2-
TLEU       : 10R0100111010-rs1-1--0-----imm7-
TCC        : 10R1101111010-rs1-0---0-----rs2-
TCC        : 10R1101111010-rs1-1--0-----imm7-
TCS        : 10R0101111010-rs1-0---0-----rs2-
TCS        : 10R0101111010-rs1-1--0-----imm7-
TPOS       : 10R1110111010-rs1-0---0-----rs2-
TPOS       : 10R1110111010-rs1-1--0-----imm7-
TNEG       : 10R0110111010-rs1-0---0-----rs2-
TNEG       : 10R0110111010-rs1-1--0-----imm7-
TVC        : 10R1111111010-rs1-0---0-----rs2-
TVC        : 10R1111111010-rs1-1--0-----imm7-
TVS        : 10R0111111010-rs1-0---0-----rs2-
TVS        : 10R0111111010-rs1-1--0-----imm7-
RDY        : 10--rd-101000-rs1-0------0------
             31 28  24  20  16  12  8   4   0
             |--|---|---|---|---|---|---|---|
RDASR‡     : 10--rd-101000-rs1-0------0------
RDASR‡     : 10--rd-101000-rs1-0------0------
RDPSR†     : 10--rd-101001-rs1-0------0------
RDWIM†     : 10--rd-101010-rs1-0------0------
RDTBR†     : 10--rd-101011-rs1-0------0------
WRY        : 10--rd-110000-rs1-0---0-----rs2-
WRY        : 10--rd-110000-rs1-1----simm13---
WRASR‡     : 10--rd-110000-rs1-0---0-----rs2-
WRASR‡     : 10--rd-110000-rs1-1----simm13---
WRASR‡     : 10--rd-110000-rs1-0---0-----rs2-
WRASR‡     : 10--rd-110000-rs1-1----simm13---
WRPSR†     : 10--rd-110001-rs1-0---0-----rs2-
WRPSR†     : 10--rd-110001-rs1-1----simm13---
WRWIM†     : 10--rd-110010-rs1-0---0-----rs2-
WRWIM†     : 10--rd-110010-rs1-1----simm13---
WRTBR†     : 10--rd-110011-rs1-0---0-----rs2-
             31 28  24  20  16  12  8   4   0
             |--|---|---|---|---|---|---|---|
WRTBR†     : 10--rd-110011-rs1-1----simm13---
STBAR      : 10--0--101000-11110------0------
UNIMP      : 0---0---0-----------0-----------
FLUSH      : 10--0--111011-rs1-0---0-----rs2-
FLUSH      : 10--0--111011-rs1-1----simm13---
FPop1      : 10--rd-110100-rs1----opf----rs2-
FPop2      : 10--rd-110101-rs1----opf----rs2-
FiTOs      : 10--rd-110100--0---11000100-rs2-
FiTOd      : 10--rd-110100--0---11001000-rs2-
FiTOq      : 10--rd-110100--0---11001100-rs2-
FsTOi      : 10--rd-110100--0---11010001-rs2-
FdTOi      : 10--rd-110100--0---11010010-rs2-
FqTOi      : 10--rd-110100--0---11010011-rs2-
FsTOd      : 10--rd-110100--0---11001001-rs2-
FsTOq      : 10--rd-110100--0---11001101-rs2-
FdTOs      : 10--rd-110100--0---11000110-rs2-
             31 28  24  20  16  12  8   4   0
             |--|---|---|---|---|---|---|---|
FdTOq      : 10--rd-110100--0---11001110-rs2-
FqTOs      : 10--rd-110100--0---11000111-rs2-
FqTOd      : 10--rd-110100--0---11001011-rs2-
FMOVs      : 10--rd-110100--0------1-----rs2-
FNEGs      : 10--rd-110100--0-----101----rs2-
FABSs      : 10--rd-110100--0-----1001---rs2-
FSQRTs     : 10--rd-110100--0----101001--rs2-
FSQRTd     : 10--rd-110100--0----101010--rs2-
FSQRTq     : 10--rd-110100--0----101011--rs2-
FADDs      : 10--rd-110100-rs1----opf----rs2-
FADDd      : 10--rd-110100-rs1----opf----rs2-
FADDq      : 10--rd-110100-rs1----opf----rs2-
FSUBs      : 10--rd-110100-rs1----opf----rs2-
FSUBd      : 10--rd-110100-rs1----opf----rs2-
FSUBq      : 10--rd-110100-rs1----opf----rs2-
FMULs      : 10--rd-110100-rs1----opf----rs2-
             31 28  24  20  16  12  8   4   0
             |--|---|---|---|---|---|---|---|
FMULd      : 10--rd-110100-rs1----opf----rs2-
FMULq      : 10--rd-110100-rs1----opf----rs2-
FsMULd     : 10--rd-110100-rs1----opf----rs2-
FdMULq     : 10--rd-110100-rs1----opf----rs2-
FDIVs      : 10--rd-110100-rs1----opf----rs2-
FDIVd      : 10--rd-110100-rs1----opf----rs2-
FDIVq      : 10--rd-110100-rs1----opf----rs2-
FCMPs      : 10--0--110100-rs1----opf----rs2-
FCMPd      : 10--0--110100-rs1----opf----rs2-
FCMPq      : 10--0--110100-rs1----opf----rs2-
FCMPEs     : 10--0--110100-rs1----opf----rs2-
FCMPEd     : 10--0--110100-rs1----opf----rs2-
FCMPEq     : 10--0--110100-rs1----opf----rs2-
CPop1      : 10--rd--------rs1----opc----rs2-
CPop2      : 10--rd--------rs1----opc----rs2-
